* 0.076846:*:cli:run!: doom 
* 0.076942:*:cli:context-parse: found command (doom)
* 0.077213:*:cli:context-execute: doom
Error: a subcommand is required
* 0.077687:*:cli:call: (doom) -> (:help --subcommands --postamble)
* 0.077766:*:cli:context-parse: found command (:help)
* 0.077978:*:cli:context-parse: found switch "--subcommands"
* 0.078226:*:cli:context-parse: found switch "--postamble"
* 0.078545:*:cli:context-execute: :help
* 0.078811:*:cli:execute: (:before) ((input) (context . #s(doom-cli-context (26159 60797 585221 631000) 91609 0 (80 . 24) nil nil doom nil (doom-cli-command-not-found-error doom) (:help) nil nil ((--postamble) (--envvars) (--similar) (--subcommands) (--synopsis --subcommands --postamble) (--commands) (--manpage) (--no-global) (-g) (--eval) (-E) (--strict-load) (--load) (-L) (--color) (--benchmark) (--profile) (--pager) (--emacsdir) (--doomdir) (--verbose) (-v) (--debug) (-D) (--force) (-!)) ((t) (nil --subcommands --postamble))  *doom-cli stdin*  *doom-cli stdout*  *doom-cli stderr* nil)) (_) (evals) (loads) (color?) (bench?) (profile) (pager) (emacsdir) (doomdir) (verbose?) (debug?) (force?))
* 0.078870:*:cli:execute: (:help) ((context . #s(doom-cli-context (26159 60797 585221 631000) 91609 0 (80 . 24) nil nil doom nil (doom-cli-command-not-found-error doom) (:help) nil nil ((--postamble) (--envvars) (--similar) (--subcommands) (--synopsis --subcommands --postamble) (--commands) (--manpage) (--no-global) (-g) (--eval) (-E) (--strict-load) (--load) (-L) (--color) (--benchmark) (--profile) (--pager) (--emacsdir) (--doomdir) (--verbose) (-v) (--debug) (-D) (--force) (-!)) ((t) (nil --subcommands --postamble))  *doom-cli stdin*  *doom-cli stdout*  *doom-cli stderr* nil)) (command) (sections --subcommands --postamble) (commands?) (manpage?) (localonly?))
* 0.078933:*:cli:load: autoload /home/fatihyaman/.config/emacs/lisp/cli/run.el
* 0.078973:*:cli:load: ~/.config/emacs/lisp/cli/run.el nil
* 0.079812:*:cli:load: autoload /home/fatihyaman/.config/emacs/lisp/cli/make.el
* 0.079862:*:cli:load: ~/.config/emacs/lisp/cli/make.el nil
* 0.080013:*:cli:load: ~/.config/emacs/lisp/cli/make/completions nil
* 0.087187:*:cli:load: autoload /home/fatihyaman/.config/emacs/lisp/cli/ci.el
* 0.087235:*:cli:load: ~/.config/emacs/lisp/cli/ci.el nil
* 0.092263:*:cli:load: autoload /home/fatihyaman/.config/emacs/lisp/cli/info.el
* 0.092309:*:cli:load: ~/.config/emacs/lisp/cli/info.el nil
* 0.092949:*:cli:load: autoload /home/fatihyaman/.config/emacs/lisp/cli/doctor.el
* 0.092991:*:cli:load: ~/.config/emacs/lisp/cli/doctor.el nil
* 0.095143:*:cli:load: autoload /home/fatihyaman/.config/emacs/lisp/cli/install.el
* 0.095185:*:cli:load: ~/.config/emacs/lisp/cli/install.el nil
* 0.095349:*:cli:load: ~/.config/emacs/lisp/cli/packages nil
* 0.101922:*:cli:load: autoload /home/fatihyaman/.config/emacs/lisp/cli/env.el
* 0.101972:*:cli:load: ~/.config/emacs/lisp/cli/env.el nil
* 0.103559:*:cli:load: autoload /home/fatihyaman/.config/emacs/lisp/cli/upgrade.el
* 0.103601:*:cli:load: ~/.config/emacs/lisp/cli/upgrade.el nil
* 0.103778:*:cli:load: ~/.config/emacs/lisp/cli/packages nil
* 0.110583:*:cli:load: autoload /home/fatihyaman/.config/emacs/lisp/cli/profiles.el
* 0.110633:*:cli:load: ~/.config/emacs/lisp/cli/profiles.el nil
* 0.114254:*:cli:load: autoload /home/fatihyaman/.config/emacs/lisp/cli/sync.el
* 0.114301:*:cli:load: ~/.config/emacs/lisp/cli/sync.el nil
* 0.114544:*:cli:load: ~/.config/emacs/lisp/cli/packages nil

Available commands:
  help         Show documentation for a Doom CLI command.

  Config Management:
    sync       Synchronize your config with Doom Emacs.
    profiles   Commands for maintaining your Doom Emacs configuration.
    upgrade    Updates Doom and packages.
    env […]    (Re)generates envvars file from your shell environment.
    install    Installs and sets up Doom Emacs for the first time.

  Diagnostics:
    info       Print detailed information about your config for bug reports.
    version    Show installed versions of Doom, Doom modules, and Emacs.

  Development:
    ci […]     Commands that automate development processes.
    make […]   (Re)Generate project files and boilerplate.
    run        Launch Doom Emacs or an Emacs sandbox

See 'doom h[elp]' or 'doom {-?,--help}' for documentation.
* 0.132689:*:cli:Finished (GCs: 1, elapsed: 0.006819s)
* 0.132689:*:cli:Finished (GCs: 1, elapsed: 0.006819s)
