* 0.074096:*:cli:run!: doom sync -e
* 0.074200:*:cli:context-parse: found command (doom)
* 0.074462:*:cli:load: autoload /home/fatihyaman/.config/emacs/lisp/cli/sync.el
* 0.074501:*:cli:load: ~/.config/emacs/lisp/cli/sync.el nil
* 0.074658:*:cli:load: ~/.config/emacs/lisp/cli/packages nil
* 0.080984:*:cli:context-parse: found command (doom sync)
* 0.081243:*:cli:context-parse: found switch "-e"
* 0.081542:*:cli:context-execute: doom sync
* 0.081828:*:cli:execute: (:before) ((input) (context . #s(doom-cli-context (26159 58787 985434 573000) 88285 0 (118 . 16) nil nil doom nil nil (doom sync) nil (sync -e) ((-B) (--rebuild) (-b) (--jobs) (-j) (--gc) (-U) (-u) (-e . -e) (--eval) (-E) (--strict-load) (--load) (-L) (--color) (--benchmark) (--profile) (--pager) (--emacsdir) (--doomdir) (--verbose) (-v) (--debug) (-D) (--force) (-!)) ((t) ((doom sync) -e) ((doom) sync -e))  *doom-cli stdin*  *doom-cli stdout*  *doom-cli stderr* nil)) (_) (evals) (loads) (color?) (bench?) (profile) (pager) (emacsdir) (doomdir) (verbose?) (debug?) (force?))
* 0.081884:*:cli:execute: (doom sync) ((context . #s(doom-cli-context (26159 58787 985434 573000) 88285 0 (118 . 16) nil nil doom nil nil (doom sync) nil (sync -e) ((-B) (--rebuild) (-b) (--jobs) (-j) (--gc) (-U) (-u) (-e . -e) (--eval) (-E) (--strict-load) (--load) (-L) (--color) (--benchmark) (--profile) (--pager) (--emacsdir) (--doomdir) (--verbose) (-v) (--debug) (-D) (--force) (-!)) ((t) ((doom sync) -e) ((doom) sync -e))  *doom-cli stdin*  *doom-cli stdout*  *doom-cli stderr* nil)) (nobuild?) (rebuild?) (jobs) (purge?) (noupdate?) (update?) (noenvvar? . -e))
* 0.082020:*:cli:call: (doom sync) -> (doom profiles sync --reload)
* 0.082087:*:cli:context-parse: found command (doom)
* 0.082347:*:cli:load: autoload /home/fatihyaman/.config/emacs/lisp/cli/profiles.el
* 0.082385:*:cli:load: ~/.config/emacs/lisp/cli/profiles.el nil
* 0.085934:*:cli:context-parse: found command (doom profiles)
* 0.086194:*:cli:context-parse: found command (doom profiles sync)
* 0.086440:*:cli:context-parse: found switch "--reload"
* 0.086758:*:cli:context-execute: doom profiles sync
* 0.087058:*:cli:execute: (:before) ((input) (context . #s(doom-cli-context (26159 58787 985434 573000) 88285 0 (118 . 16) nil nil doom nil nil (doom profiles sync) nil (sync -e) ((--reload . --reload) (-B) (--rebuild) (-b) (--jobs) (-j) (--gc) (-U) (-u) (-e . -e) (--eval) (-E) (--strict-load) (--load) (-L) (--color) (--benchmark) (--profile) (--pager) (--emacsdir) (--doomdir) (--verbose) (-v) (--debug) (-D) (--force) (-!)) ((t) ((doom profiles sync) --reload) ((doom profiles) sync --reload) ((doom) profiles sync --reload))  *doom-cli stdin*  *doom-cli stdout*  *doom-cli stderr* nil)) (_) (evals) (loads) (color?) (bench?) (profile) (pager) (emacsdir) (doomdir) (verbose?) (debug?) (force?))
* 0.087109:*:cli:execute: (doom profiles sync) ((reload? . --reload))
  * 0.087375:*:cli:Profiles are up-to-date!
- Using Emacs 29.3 @ /snap/emacs/2440/usr/bin/emacs-gtk
> Synchronizing "default" profile...
  * 0.088379:*:cli:Initializing straight
  * 0.088433::context: +packages (cli t)
  * 0.088459::context:module: =[0 -110 -110 :core nil nil nil]
  * 0.119933:*:cli:Initializing recipes
  * 0.122639:*:cli:Installing core packages
  * 0.122850:*:cli:Initializing package.el
  * 0.266023:*:cli:Initializing straight.el
  * 0.266219::context: +packages (cli t)
  * 0.266252::context:module: =[1 105 -105 :user nil nil nil]
  Error (use-package): Cannot load all-the-icons
  Error (use-package): Cannot load all-the-icons-ivy-rich
  Error (use-package): Cannot load anzu
  Error (use-package): Cannot load company
  Error (use-package): Cannot load company-statistics
  Error (use-package): Cannot load counsel
  Error (use-package): Cannot load crux
  Error (use-package): Cannot load drag-stuff
  Error (use-package): Cannot load emojify
  Error (use-package): Cannot load emojify-logos
  Error (use-package): Cannot load flycheck
  Error (use-package): Cannot load flycheck-eglot
  Error (use-package): Cannot load goto-line-preview
  Error (use-package): Cannot load helm
  Error (use-package): Cannot load highlight-indentation
  Error (use-package): Cannot load hydra
  Error (use-package): Cannot load magit-delta
  Error (use-package): Cannot load magit-section
  Error (use-package): Cannot load major-mode-hydra
  Error (use-package): Cannot load mode-icons
  Error (use-package): Cannot load popup
  Error (use-package): Cannot load pretty-hydra
  Error (use-package): Cannot load rainbow-mode
  Error (use-package): Cannot load swiper
  Error (use-package): Cannot load undo-fu
  Error (use-package): Cannot load smartparens
  Error (use-package): Cannot load undo-fu-session
  Error (use-package): Cannot load vundo
  Error (use-package): Cannot load gdscript-mode
  * 0.342634::context:module: =[2 -111 -111 :config use-package nil nil]
  * 0.342994::context:module: =[0 -110 -110 :core nil nil nil]
  * 0.347967::context:module: =[1 105 -105 :user nil nil nil]
  Error (use-package): Cannot load all-the-icons
  Error (use-package): Cannot load all-the-icons-ivy-rich
  Error (use-package): Cannot load anzu
  Error (use-package): Cannot load company
  Error (use-package): Cannot load company-statistics
  Error (use-package): Cannot load counsel
  Error (use-package): Cannot load crux
  Error (use-package): Cannot load drag-stuff
  Error (use-package): Cannot load emojify
  Error (use-package): Cannot load emojify-logos
  Error (use-package): Cannot load flycheck
  Error (use-package): Cannot load flycheck-eglot
  Error (use-package): Cannot load goto-line-preview
  Error (use-package): Cannot load helm
  Error (use-package): Cannot load highlight-indentation
  Error (use-package): Cannot load hydra
  Error (use-package): Cannot load magit-delta
  Error (use-package): Cannot load magit-section
  Error (use-package): Cannot load major-mode-hydra
  Error (use-package): Cannot load mode-icons
  Error (use-package): Cannot load popup
  Error (use-package): Cannot load pretty-hydra
  Error (use-package): Cannot load rainbow-mode
  Error (use-package): Cannot load swiper
  Error (use-package): Cannot load undo-fu
  Error (use-package): Cannot load smartparens
  Error (use-package): Cannot load undo-fu-session
  Error (use-package): Cannot load vundo
  Error (use-package): Cannot load gdscript-mode
  * 0.377135::context:module: =[3 0 0 :completion company nil nil]
  * 0.377789::context:module: =[4 0 0 :completion ivy nil nil]
  * 0.380122::context:module: =[5 0 0 :ui doom nil nil]
  * 0.380649::context:module: =[6 0 0 :ui doom-dashboard nil nil]
  * 0.380691::context:module: =[7 0 0 :ui emoji (+unicode) nil]
  * 0.381017::context:module: =[8 0 0 :ui hl-todo nil nil]
  * 0.381370::context:module: =[9 0 0 :ui hydra nil nil]
  * 0.381697::context:module: =[10 0 0 :ui minimap nil nil]
  * 0.382025::context:module: =[11 0 0 :ui modeline nil nil]
  * 0.382725::context:module: =[12 0 0 :ui ophints nil nil]
  * 0.383178::context:module: =[13 0 0 :ui popup (+defaults) nil]
  * 0.383219::context:module: =[14 0 0 :ui treemacs nil nil]
  * 0.384681::context:module: =[15 0 0 :ui vc-gutter (+pretty) nil]
  * 0.385137::context:module: =[16 0 0 :ui vi-tilde-fringe nil nil]
  * 0.385466::context:module: =[17 0 0 :ui workspaces nil nil]
  * 0.385797::context:module: =[18 0 0 :editor file-templates nil nil]
  * 0.386154::context:module: =[19 0 0 :editor fold nil nil]
  * 0.386997::context:module: =[20 0 0 :editor snippets nil nil]
  * 0.387710::context:module: =[21 0 0 :emacs dired nil nil]
  * 0.388977::context:module: =[22 0 0 :emacs electric nil nil]
  * 0.389019::context:module: =[23 0 0 :emacs undo nil nil]
  * 0.389816::context:module: =[24 0 0 :emacs vc nil nil]
  * 0.391346::context:module: =[25 0 0 :term eshell nil nil]
  * 0.392962::context:module: =[26 0 0 :checkers syntax nil nil]
  * 0.393856::context:module: =[27 0 0 :tools eval (+overlay) nil]
  * 0.394435::context:module: =[28 0 0 :tools lookup nil nil]
  * 0.396368::context:module: =[29 0 0 :tools magit nil nil]
  * 0.397118::context:module: =[30 0 0 :tools make nil nil]
  * 0.397454::context:module: =[31 0 0 :tools pdf nil nil]
  * 0.397976::context:module: =[32 0 0 :lang dart (+flutter) nil]
  * 0.398850::context:module: =[33 0 0 :lang emacs-lisp nil nil]
  * 0.400731::context:module: =[34 0 0 :lang fortran nil nil]
  * 0.400773::context:module: =[35 0 0 :lang gdscript nil nil]
  * 0.401101::context:module: =[36 0 0 :lang julia nil nil]
  * 0.402040::context:module: =[37 0 0 :lang latex nil nil]
  * 0.403697::context:module: =[38 0 0 :lang lua nil nil]
  * 0.404601::context:module: =[39 0 0 :lang markdown nil nil]
  * 0.405575::context:module: =[40 0 0 :lang org nil nil]
  * 0.412708::context:module: =[41 0 0 :lang sh nil nil]
  * 0.413305::context:module: =[42 0 0 :app calendar nil nil]
  * 0.414507::context:module: =[43 0 0 :config default (+bindings +smartparens) nil]
  * 0.415420::context:module: =[1 105 -105 :user nil nil nil]
  Error (use-package): Cannot load all-the-icons
  Error (use-package): Cannot load all-the-icons-ivy-rich
  Error (use-package): Cannot load anzu
  Error (use-package): Cannot load company
  Error (use-package): Cannot load company-statistics
  Error (use-package): Cannot load counsel
  Error (use-package): Cannot load crux
  Error (use-package): Cannot load drag-stuff
  Error (use-package): Cannot load emojify
  Error (use-package): Cannot load emojify-logos
  Error (use-package): Cannot load flycheck
  Error (use-package): Cannot load flycheck-eglot
  Error (use-package): Cannot load goto-line-preview
  Error (use-package): Cannot load helm
  Error (use-package): Cannot load highlight-indentation
  Error (use-package): Cannot load hydra
  Error (use-package): Cannot load magit-delta
  Error (use-package): Cannot load magit-section
  Error (use-package): Cannot load major-mode-hydra
  Error (use-package): Cannot load mode-icons
  Error (use-package): Cannot load popup
  Error (use-package): Cannot load pretty-hydra
  Error (use-package): Cannot load rainbow-mode
  Error (use-package): Cannot load swiper
  Error (use-package): Cannot load undo-fu
  Error (use-package): Cannot load smartparens
  Error (use-package): Cannot load undo-fu-session
  Error (use-package): Cannot load vundo
  Error (use-package): Cannot load gdscript-mode
  > Ensuring packages are installed and built...
    - No packages need attention
  > Updating pinned packages...
    - (1/196) bind-key is up-to-date...
    - (14/196) lv is up-to-date...
    - (31/196) request-deferred is up-to-date...
    - (46/196) expand-region is up-to-date...
    - (47/196) link-hint is up-to-date...
    - (48/196) org-gcal is up-to-date...
    - (49/196) calfw-ical is up-to-date...
    - (50/196) calfw-cal is up-to-date...
    - (51/196) calfw-org is up-to-date...
    - (52/196) calfw is up-to-date...
    - (53/196) company-shell is up-to-date...
    - (54/196) ob-async is up-to-date...
    - (55/196) orgit is up-to-date...
    - (56/196) org-pdftools is up-to-date...
    - (57/196) org-cliplink is up-to-date...
    - (58/196) toc-org is up-to-date...
    - (59/196) ox-clip is up-to-date...
    - (60/196) org-yt is up-to-date...
    - (61/196) htmlize is up-to-date...
    - (62/196) avy is up-to-date...
    - (63/196) org-contrib is up-to-date...
    - (64/196) org is up-to-date...
    - (65/196) edit-indirect is up-to-date...
    - (66/196) markdown-toc is up-to-date...
    - (67/196) markdown-mode is up-to-date...
    - (68/196) company-lua is up-to-date...
    - (69/196) lua-mode is up-to-date...
    - (70/196) company-math is up-to-date...
    - (71/196) company-reftex is up-to-date...
    - (72/196) company-auctex is up-to-date...
    - (73/196) latex-preview-pane is up-to-date...
    - (74/196) adaptive-wrap is up-to-date...
    - (75/196) auctex is up-to-date...
    - (76/196) julia-repl is up-to-date...
    - (77/196) julia-mode is up-to-date...
    - (78/196) buttercup is up-to-date...
    - (79/196) flycheck-cask is up-to-date...
    - (80/196) flycheck-package is up-to-date...
    - (81/196) elisp-demos is up-to-date...
    - (82/196) elisp-def is up-to-date...
    - (83/196) overseer is up-to-date...
    - (84/196) macrostep is up-to-date...
    - (85/196) highlight-quoted is up-to-date...
    - (86/196) hover is up-to-date...
    - (87/196) flutter is up-to-date...
    - (88/196) dart-mode is up-to-date...
    - (89/196) saveplace-pdf-view is up-to-date...
    - (90/196) pdf-tools is up-to-date...
    - (91/196) makefile-executor is up-to-date...
    - (92/196) magit-todos is up-to-date...
    - (93/196) magit is up-to-date...
    - (94/196) request is up-to-date...
    - (95/196) ivy-xref is up-to-date...
    - (96/196) dumb-jump is up-to-date...
    - (97/196) eros is up-to-date...
    - (98/196) quickrun is up-to-date...
    - (99/196) flycheck-popup-tip is up-to-date...
    - (100/196) bash-completion is up-to-date...
    - (101/196) fish-completion is up-to-date...
    - (102/196) eshell-syntax-highlighting is up-to-date...
    - (103/196) eshell-did-you-mean is up-to-date...
    - (104/196) esh-help is up-to-date...
    - (105/196) shrink-path is up-to-date...
    - (106/196) eshell-z is up-to-date...
    - (107/196) eshell-up is up-to-date...
    - (108/196) git-modes is up-to-date...
    - (109/196) git-timemachine is up-to-date...
    - (110/196) git-commit is up-to-date...
    - (111/196) browse-at-remote is up-to-date...
    - (112/196) fd-dired is up-to-date...
    - (113/196) dired-rsync is up-to-date...
    - (114/196) dired-git-info is up-to-date...
    - (115/196) diredfl is up-to-date...
    - (116/196) doom-snippets is up-to-date...
    - (117/196) auto-yasnippet is up-to-date...
    - (118/196) vimish-fold is up-to-date...
    - (119/196) yasnippet is up-to-date...
    - (120/196) persp-mode is up-to-date...
    - (121/196) vi-tilde-fringe is up-to-date...
    - (122/196) git-gutter-fringe is up-to-date...
    - (123/196) treemacs-persp is up-to-date...
    - (124/196) treemacs-magit is up-to-date...
    - (125/196) treemacs-projectile is up-to-date...
    - (126/196) treemacs-nerd-icons is up-to-date...
    - (127/196) treemacs is up-to-date...
    - (128/196) volatile-highlights is up-to-date...
    - (129/196) doom-modeline is up-to-date...
    - (130/196) minimap is up-to-date...
    - (131/196) hl-todo is up-to-date...
    - (132/196) solaire-mode is up-to-date...
    - (133/196) doom-themes is up-to-date...
    - (134/196) wgrep is up-to-date...
    - (135/196) counsel-projectile is up-to-date...
    - (136/196) amx is up-to-date...
    - (137/196) ivy-avy is up-to-date...
    - (138/196) ivy-hydra is up-to-date...
    - (139/196) ivy is up-to-date...
    - (140/196) company-dict is up-to-date...
    - (141/196) gdscript-mode is up-to-date...
    - (142/196) vundo is up-to-date...
    - (143/196) undo-fu-session is up-to-date...
    - (144/196) undo-fu is up-to-date...
    - (146/196) swiper is up-to-date...
    - (152/196) magit-section is up-to-date...
    - (154/196) hydra is up-to-date...
    - (159/196) flycheck is up-to-date...
    - (161/196) emojify is up-to-date...
    - (163/196) drag-stuff is up-to-date...
    - (165/196) counsel is up-to-date...
    - (167/196) company is up-to-date...
    - (168/196) anzu is up-to-date...
    - (171/196) ivy-rich is up-to-date...
    - (172/196) which-key is up-to-date...
    - (173/196) general is up-to-date...
    - (174/196) project is up-to-date...
    - (175/196) projectile is up-to-date...
    - (176/196) ws-butler is up-to-date...
    - (177/196) smartparens is up-to-date...
    - (178/196) pcre2el is up-to-date...
    - (179/196) helpful is up-to-date...
    - (180/196) dtrt-indent is up-to-date...
    - (181/196) better-jumper is up-to-date...
    - (182/196) restart-emacs is up-to-date...
    - (183/196) rainbow-delimiters is up-to-date...
    - (184/196) highlight-numbers is up-to-date...
    - (185/196) hide-mode-line is up-to-date...
    - (186/196) nerd-icons is up-to-date...
    - (187/196) gcmh is up-to-date...
    - (188/196) compat is up-to-date...
    - (189/196) auto-minor-mode is up-to-date...
    - (190/196) use-package is up-to-date...
    - (191/196) straight is up-to-date...
    ✓ All 196 packages are up-to-date
  > Purging orphaned packages (for the emperor)...
    - Skipping builds
    - Skipping elpa packages
    - Skipping repos
    - Skipping regrafting
    - Skipping native bytecode
  > (Re)building profile in /home/fatihyaman/.config/emacs/.local/etc/@/...
    > Deleting old init files...
    > Generating 4 init files...
    > Byte-compiling ~/.config/emacs/.local/etc/@init.29.el...
    ✓ Built init.29.elc
  - Restart Emacs or use 'M-x doom/reload' for changes to take effect
* 1.682102:*:cli:Finished (GCs: 2, elapsed: 0.235273s)
* 1.682102:*:cli:Finished (GCs: 2, elapsed: 0.235273s)
✓ Finished in 1.68228s
