* 0.075660:*:cli:run!: doom sync
* 0.075754:*:cli:context-parse: found command (doom)
* 0.076012:*:cli:load: autoload /home/fatihyaman/.config/emacs/lisp/cli/sync.el
* 0.076063:*:cli:load: ~/.config/emacs/lisp/cli/sync.el nil
* 0.076223:*:cli:load: ~/.config/emacs/lisp/cli/packages nil
* 0.082820:*:cli:context-parse: found command (doom sync)
* 0.083113:*:cli:context-execute: doom sync
* 0.083415:*:cli:execute: (:before) ((input) (context . #s(doom-cli-context (26159 60670 899265 592000) 91028 0 (81 . 34) nil nil doom nil nil (doom sync) nil (sync) ((-B) (--rebuild) (-b) (--jobs) (-j) (--gc) (-U) (-u) (-e) (--eval) (-E) (--strict-load) (--load) (-L) (--color) (--benchmark) (--profile) (--pager) (--emacsdir) (--doomdir) (--verbose) (-v) (--debug) (-D) (--force) (-!)) ((t) ((doom sync)) ((doom) sync))  *doom-cli stdin*  *doom-cli stdout*  *doom-cli stderr* nil)) (_) (evals) (loads) (color?) (bench?) (profile) (pager) (emacsdir) (doomdir) (verbose?) (debug?) (force?))
* 0.083482:*:cli:execute: (doom sync) ((context . #s(doom-cli-context (26159 60670 899265 592000) 91028 0 (81 . 34) nil nil doom nil nil (doom sync) nil (sync) ((-B) (--rebuild) (-b) (--jobs) (-j) (--gc) (-U) (-u) (-e) (--eval) (-E) (--strict-load) (--load) (-L) (--color) (--benchmark) (--profile) (--pager) (--emacsdir) (--doomdir) (--verbose) (-v) (--debug) (-D) (--force) (-!)) ((t) ((doom sync)) ((doom) sync))  *doom-cli stdin*  *doom-cli stdout*  *doom-cli stderr* nil)) (nobuild?) (rebuild?) (jobs) (purge?) (noupdate?) (update?) (noenvvar?))
* 0.083608:*:cli:call: (doom sync) -> (doom profiles sync --reload)
* 0.083688:*:cli:context-parse: found command (doom)
* 0.083896:*:cli:load: autoload /home/fatihyaman/.config/emacs/lisp/cli/profiles.el
* 0.083934:*:cli:load: ~/.config/emacs/lisp/cli/profiles.el nil
* 0.087549:*:cli:context-parse: found command (doom profiles)
* 0.087796:*:cli:context-parse: found command (doom profiles sync)
* 0.088045:*:cli:context-parse: found switch "--reload"
* 0.088491:*:cli:context-execute: doom profiles sync
* 0.088805:*:cli:execute: (:before) ((input) (context . #s(doom-cli-context (26159 60670 899265 592000) 91028 0 (81 . 34) nil nil doom nil nil (doom profiles sync) nil (sync) ((--reload . --reload) (-B) (--rebuild) (-b) (--jobs) (-j) (--gc) (-U) (-u) (-e) (--eval) (-E) (--strict-load) (--load) (-L) (--color) (--benchmark) (--profile) (--pager) (--emacsdir) (--doomdir) (--verbose) (-v) (--debug) (-D) (--force) (-!)) ((t) ((doom profiles sync) --reload) ((doom profiles) sync --reload) ((doom) profiles sync --reload))  *doom-cli stdin*  *doom-cli stdout*  *doom-cli stderr* nil)) (_) (evals) (loads) (color?) (bench?) (profile) (pager) (emacsdir) (doomdir) (verbose?) (debug?) (force?))
* 0.088861:*:cli:execute: (doom profiles sync) ((reload? . --reload))
  * 0.089122:*:cli:Profiles are up-to-date!
- Using Emacs 29.3 @ /snap/emacs/2440/usr/bin/emacs-gtk
> Synchronizing "default" profile...
  * 0.090181:*:cli:call: (doom profiles sync) -> (doom env)
  * 0.090262:*:cli:context-parse: found command (doom)
  * 0.090460:*:cli:load: autoload /home/fatihyaman/.config/emacs/lisp/cli/env.el
  * 0.090505:*:cli:load: ~/.config/emacs/lisp/cli/env.el nil
  * 0.092797:*:cli:context-parse: found command (doom env)
  * 0.093105:*:cli:context-execute: doom env
  * 0.093392:*:cli:execute: (:before) ((input) (context . #s(doom-cli-context (26159 60670 899265 592000) 91028 0 (81 . 34) nil nil doom nil nil (doom env) nil (sync) ((--deny) (-d) (--allow) (-a) (-o) (--deny-all) (--allow-all) (--reload . --reload) (-B) (--rebuild) (-b) (--jobs) (-j) (--gc) (-U) (-u) (-e) (--eval) (-E) (--strict-load) (--load) (-L) (--color) (--benchmark) (--profile) (--pager) (--emacsdir) (--doomdir) (--verbose) (-v) (--debug) (-D) (--force) (-!)) ((t) ((doom env)) ((doom) env))  *doom-cli stdin*  *doom-cli stdout*  *doom-cli stderr* nil)) (_) (evals) (loads) (color?) (bench?) (profile) (pager) (emacsdir) (doomdir) (verbose?) (debug?) (force?))
  * 0.093453:*:cli:execute: (doom env) ((rules) (output-file) (deny-only) (allow-only))
  > Regenerating envvars file
    * 0.093983:*:cli:cli:env: deny DBUS_SESSION_BUS_ADDRESS
    * 0.094199:*:cli:cli:env: deny XDG_RUNTIME_DIR
    * 0.094461:*:cli:cli:env: deny SHLVL
    * 0.094498:*:cli:cli:env: deny DISPLAY
    * 0.094621:*:cli:cli:env: deny USER
    * 0.094698:*:cli:cli:env: deny __DOOMPID
    * 0.094753:*:cli:cli:env: deny TERM
    * 0.094857:*:cli:cli:env: deny XDG_SESSION_CLASS
    * 0.095162:*:cli:cli:env: deny XDG_CURRENT_DESKTOP
    * 0.095279:*:cli:cli:env: deny __DOOMGPIPE
    * 0.095386:*:cli:cli:env: deny HOME
    * 0.095494:*:cli:cli:env: deny XAUTHORITY
    * 0.095562:*:cli:cli:env: deny GPG_AGENT_INFO
    * 0.095600:*:cli:cli:env: deny XDG_SESSION_TYPE
    * 0.095704:*:cli:cli:env: deny PWD
    * 0.095791:*:cli:cli:env: deny __DOOMSTEP
    * 0.095836:*:cli:cli:env: deny __DOOMGEOM
    * 0.096020:*:cli:cli:env: deny INSIDE_EMACS
    * 0.096057:*:cli:cli:env: deny SSH_AUTH_SOCK
    * 0.096188:*:cli:cli:env: deny __DOOMPIPE
    ✓ Generated ~/.config/emacs/.local/env
  * 0.097244:*:cli:Initializing straight
  * 0.097298::context: +packages (cli t)
  * 0.097329::context:module: =[0 -110 -110 :core nil nil nil]
  * 0.128960:*:cli:Initializing recipes
  * 0.131692:*:cli:Installing core packages
  * 0.131903:*:cli:Initializing package.el
  * 0.283521:*:cli:Initializing straight.el
  * 0.283721::context: +packages (cli t)
  * 0.283753::context:module: =[1 105 -105 :user nil nil nil]
  Error (use-package): Cannot load all-the-icons-ivy-rich
  Error (use-package): Cannot load anzu
  Error (use-package): Cannot load company
  Error (use-package): Cannot load company-statistics
  Error (use-package): Cannot load crux
  Error (use-package): Cannot load drag-stuff
  Error (use-package): Cannot load emojify
  Error (use-package): Cannot load emojify-logos
  Error (use-package): Cannot load flycheck
  Error (use-package): Cannot load flycheck-eglot
  Error (use-package): Cannot load goto-line-preview
  Error (use-package): Cannot load helm
  Error (use-package): Cannot load highlight-indentation
  Error (use-package): Cannot load hydra
  Error (use-package): Cannot load magit-delta
  Error (use-package): Cannot load magit-section
  Error (use-package): Cannot load major-mode-hydra
  Error (use-package): Cannot load mode-icons
  Error (use-package): Cannot load popup
  Error (use-package): Cannot load pretty-hydra
  Error (use-package): Cannot load rainbow-mode
  Error (use-package): Cannot load undo-fu
  Error (use-package): Cannot load smartparens
  Error (use-package): Cannot load undo-fu-session
  Error (use-package): Cannot load vundo
  * 0.374503::context:module: =[2 -111 -111 :config use-package nil nil]
  * 0.374873::context:module: =[0 -110 -110 :core nil nil nil]
  * 0.380041::context:module: =[1 105 -105 :user nil nil nil]
  Error (use-package): Cannot load all-the-icons-ivy-rich
  Error (use-package): Cannot load anzu
  Error (use-package): Cannot load company
  Error (use-package): Cannot load company-statistics
  Error (use-package): Cannot load crux
  Error (use-package): Cannot load drag-stuff
  Error (use-package): Cannot load emojify
  Error (use-package): Cannot load emojify-logos
  Error (use-package): Cannot load flycheck
  Error (use-package): Cannot load flycheck-eglot
  Error (use-package): Cannot load goto-line-preview
  Error (use-package): Cannot load helm
  Error (use-package): Cannot load highlight-indentation
  Error (use-package): Cannot load hydra
  Error (use-package): Cannot load magit-delta
  Error (use-package): Cannot load magit-section
  Error (use-package): Cannot load major-mode-hydra
  Error (use-package): Cannot load mode-icons
  Error (use-package): Cannot load popup
  Error (use-package): Cannot load pretty-hydra
  Error (use-package): Cannot load rainbow-mode
  Error (use-package): Cannot load undo-fu
  Error (use-package): Cannot load smartparens
  Error (use-package): Cannot load undo-fu-session
  Error (use-package): Cannot load vundo
  * 0.409723::context:module: =[3 0 0 :completion company nil nil]
  * 0.410419::context:module: =[4 0 0 :completion ivy nil nil]
  * 0.412893::context:module: =[5 0 0 :ui doom nil nil]
  * 0.413441::context:module: =[6 0 0 :ui doom-dashboard nil nil]
  * 0.413484::context:module: =[7 0 0 :ui emoji (+unicode) nil]
  * 0.413822::context:module: =[8 0 0 :ui hl-todo nil nil]
  * 0.414168::context:module: =[9 0 0 :ui hydra nil nil]
  * 0.414511::context:module: =[10 0 0 :ui minimap nil nil]
  * 0.414859::context:module: =[11 0 0 :ui modeline nil nil]
  * 0.415539::context:module: =[12 0 0 :ui ophints nil nil]
  * 0.416029::context:module: =[13 0 0 :ui popup (+defaults) nil]
  * 0.416076::context:module: =[14 0 0 :ui treemacs nil nil]
  * 0.417593::context:module: =[15 0 0 :ui vc-gutter (+pretty) nil]
  * 0.418072::context:module: =[16 0 0 :ui vi-tilde-fringe nil nil]
  * 0.418421::context:module: =[17 0 0 :ui workspaces nil nil]
  * 0.418772::context:module: =[18 0 0 :editor file-templates nil nil]
  * 0.419124::context:module: =[19 0 0 :editor fold nil nil]
  * 0.420013::context:module: =[20 0 0 :editor snippets nil nil]
  * 0.420830::context:module: =[21 0 0 :emacs dired nil nil]
  * 0.422155::context:module: =[22 0 0 :emacs electric nil nil]
  * 0.422199::context:module: =[23 0 0 :emacs undo nil nil]
  * 0.423045::context:module: =[24 0 0 :emacs vc nil nil]
  * 0.424620::context:module: =[25 0 0 :term eshell nil nil]
  * 0.426325::context:module: =[26 0 0 :checkers syntax nil nil]
  * 0.427260::context:module: =[27 0 0 :tools eval (+overlay) nil]
  * 0.427843::context:module: =[28 0 0 :tools lookup nil nil]
  * 0.429942::context:module: =[29 0 0 :tools magit nil nil]
  * 0.430732::context:module: =[30 0 0 :tools make nil nil]
  * 0.431078::context:module: =[31 0 0 :tools pdf nil nil]
  * 0.431628::context:module: =[32 0 0 :tools tree-sitter nil nil]
  * 0.432574::context:module: =[33 0 0 :lang dart (+flutter) nil]
  * 0.433449::context:module: =[34 0 0 :lang emacs-lisp nil nil]
  * 0.435357::context:module: =[35 0 0 :lang fortran nil nil]
  * 0.435407::context:module: =[36 0 0 :lang gdscript (+eglot) nil]
  * 0.435753::context:module: =[37 0 0 :lang julia nil nil]
  * 0.436833::context:module: =[38 0 0 :lang latex nil nil]
  * 0.438533::context:module: =[39 0 0 :lang lua nil nil]
  * 0.439525::context:module: =[40 0 0 :lang markdown nil nil]
  * 0.440637::context:module: =[41 0 0 :lang org nil nil]
  * 0.447967::context:module: =[42 0 0 :lang sh nil nil]
  * 0.448649::context:module: =[43 0 0 :app calendar nil nil]
  * 0.449788::context:module: =[44 0 0 :config default (+bindings +smartparens) nil]
  * 0.450747::context:module: =[1 105 -105 :user nil nil nil]
  Error (use-package): Cannot load all-the-icons-ivy-rich
  Error (use-package): Cannot load anzu
  Error (use-package): Cannot load company
  Error (use-package): Cannot load company-statistics
  Error (use-package): Cannot load crux
  Error (use-package): Cannot load drag-stuff
  Error (use-package): Cannot load emojify
  Error (use-package): Cannot load emojify-logos
  Error (use-package): Cannot load flycheck
  Error (use-package): Cannot load flycheck-eglot
  Error (use-package): Cannot load goto-line-preview
  Error (use-package): Cannot load helm
  Error (use-package): Cannot load highlight-indentation
  Error (use-package): Cannot load hydra
  Error (use-package): Cannot load magit-delta
  Error (use-package): Cannot load magit-section
  Error (use-package): Cannot load major-mode-hydra
  Error (use-package): Cannot load mode-icons
  Error (use-package): Cannot load popup
  Error (use-package): Cannot load pretty-hydra
  Error (use-package): Cannot load rainbow-mode
  Error (use-package): Cannot load undo-fu
  Error (use-package): Cannot load smartparens
  Error (use-package): Cannot load undo-fu-session
  Error (use-package): Cannot load vundo
  > Ensuring packages are installed and built...
    > Updating recipe repos...
      > Updating recipes for melpa...
      > Updating recipes for nongnu-elpa...
      > Updating recipes for gnu-elpa-mirror...
      > Updating recipes for el-get...
      > Updating recipes for emacsmirror-mirror...
    > Cloning tree-sitter-indent.el...
      - Checked out 4ef246db3e4ff99f672fe5e4b416c890f885c09e
    > Building tree-sitter-indent...
    > Building tree-sitter-indent > Cloning elisp-tree-sitter (for tree-sitter)...
      - Checked out 3cfab8a0e945db9b3df84437f27945746a43cc71
    > Building tree-sitter-indent > Building tree-sitter...
    > Building tree-sitter-indent > Building tree-sitter > Building tsc...
      INFO     Scraping files for loaddefs... 
      INFO     Scraping files for loaddefs...done
    > Building tree-sitter-indent > Building tree-sitter...
      INFO     Scraping files for loaddefs... 
      INFO     Scraping files for loaddefs...done
      GEN      tree-sitter-autoloads.el
    > Building tree-sitter-indent...
      INFO     Scraping files for loaddefs... 
    tree-sitter-indent: Warning: Use keywords rather than deprecated positional arguments to `define-minor-mode'
      INFO     Scraping files for loaddefs...done
      GEN      tree-sitter-indent-autoloads.el
    > Cloning tree-sitter-langs...
      - Pinned to b7895ca759563f3c7c3b928eb4f816bb4099d866
    > Building tree-sitter-langs...
      INFO     Scraping files for loaddefs... 
      INFO     Scraping files for loaddefs...done
      GEN      tree-sitter-langs-autoloads.el
    > Cloning ts-fold...
      - Pinned to 0627723e5f962fc72b238d4cf99a7f217e72aa3e
    > Building ts-fold...
      INFO     Scraping files for loaddefs... 
      INFO     Scraping files for loaddefs...done
      GEN      ts-fold-autoloads.el
    ✓ Built 5 package(s)
  > Updating pinned packages...
    - (1/201) bind-key is up-to-date...
    - (14/201) lv is up-to-date...
    - (20/201) tsc is up-to-date...
    - (32/201) request-deferred is up-to-date...
    - (47/201) expand-region is up-to-date...
    - (48/201) link-hint is up-to-date...
    - (49/201) org-gcal is up-to-date...
    - (50/201) calfw-ical is up-to-date...
    - (51/201) calfw-cal is up-to-date...
    - (52/201) calfw-org is up-to-date...
    - (53/201) calfw is up-to-date...
    - (54/201) company-shell is up-to-date...
    - (55/201) ob-async is up-to-date...
    - (56/201) orgit is up-to-date...
    - (57/201) org-pdftools is up-to-date...
    - (58/201) org-cliplink is up-to-date...
    - (59/201) toc-org is up-to-date...
    - (60/201) ox-clip is up-to-date...
    - (61/201) org-yt is up-to-date...
    - (62/201) htmlize is up-to-date...
    - (63/201) avy is up-to-date...
    - (64/201) org-contrib is up-to-date...
    - (65/201) org is up-to-date...
    - (66/201) edit-indirect is up-to-date...
    - (67/201) markdown-toc is up-to-date...
    - (68/201) markdown-mode is up-to-date...
    - (69/201) company-lua is up-to-date...
    - (70/201) lua-mode is up-to-date...
    - (71/201) company-math is up-to-date...
    - (72/201) company-reftex is up-to-date...
    - (73/201) company-auctex is up-to-date...
    - (74/201) latex-preview-pane is up-to-date...
    - (75/201) adaptive-wrap is up-to-date...
    - (76/201) auctex is up-to-date...
    - (77/201) julia-repl is up-to-date...
    - (78/201) julia-mode is up-to-date...
    - (79/201) buttercup is up-to-date...
    - (80/201) flycheck-cask is up-to-date...
    - (81/201) flycheck-package is up-to-date...
    - (82/201) elisp-demos is up-to-date...
    - (83/201) elisp-def is up-to-date...
    - (84/201) overseer is up-to-date...
    - (85/201) macrostep is up-to-date...
    - (86/201) highlight-quoted is up-to-date...
    - (87/201) hover is up-to-date...
    - (88/201) flutter is up-to-date...
    - (89/201) dart-mode is up-to-date...
    - (90/201) tree-sitter-indent is up-to-date...
    - (91/201) tree-sitter-langs is up-to-date...
    - (92/201) tree-sitter is up-to-date...
    - (93/201) saveplace-pdf-view is up-to-date...
    - (94/201) pdf-tools is up-to-date...
    - (95/201) makefile-executor is up-to-date...
    - (96/201) magit-todos is up-to-date...
    - (97/201) magit is up-to-date...
    - (98/201) request is up-to-date...
    - (99/201) ivy-xref is up-to-date...
    - (100/201) dumb-jump is up-to-date...
    - (101/201) eros is up-to-date...
    - (102/201) quickrun is up-to-date...
    - (103/201) flycheck-popup-tip is up-to-date...
    - (104/201) bash-completion is up-to-date...
    - (105/201) fish-completion is up-to-date...
    - (106/201) eshell-syntax-highlighting is up-to-date...
    - (107/201) eshell-did-you-mean is up-to-date...
    - (108/201) esh-help is up-to-date...
    - (109/201) shrink-path is up-to-date...
    - (110/201) eshell-z is up-to-date...
    - (111/201) eshell-up is up-to-date...
    - (112/201) git-modes is up-to-date...
    - (113/201) git-timemachine is up-to-date...
    - (114/201) git-commit is up-to-date...
    - (115/201) browse-at-remote is up-to-date...
    - (116/201) fd-dired is up-to-date...
    - (117/201) dired-rsync is up-to-date...
    - (118/201) dired-git-info is up-to-date...
    - (119/201) diredfl is up-to-date...
    - (120/201) doom-snippets is up-to-date...
    - (121/201) auto-yasnippet is up-to-date...
    - (122/201) ts-fold is up-to-date...
    - (123/201) vimish-fold is up-to-date...
    - (124/201) yasnippet is up-to-date...
    - (125/201) persp-mode is up-to-date...
    - (126/201) vi-tilde-fringe is up-to-date...
    - (127/201) git-gutter-fringe is up-to-date...
    - (128/201) treemacs-persp is up-to-date...
    - (129/201) treemacs-magit is up-to-date...
    - (130/201) treemacs-projectile is up-to-date...
    - (131/201) treemacs-nerd-icons is up-to-date...
    - (132/201) treemacs is up-to-date...
    - (133/201) volatile-highlights is up-to-date...
    - (134/201) doom-modeline is up-to-date...
    - (135/201) minimap is up-to-date...
    - (136/201) hl-todo is up-to-date...
    - (137/201) solaire-mode is up-to-date...
    - (138/201) doom-themes is up-to-date...
    - (139/201) wgrep is up-to-date...
    - (140/201) counsel-projectile is up-to-date...
    - (141/201) amx is up-to-date...
    - (142/201) ivy-avy is up-to-date...
    - (143/201) ivy-hydra is up-to-date...
    - (144/201) company-dict is up-to-date...
    - (145/201) gdscript-mode is up-to-date...
    - (146/201) vundo is up-to-date...
    - (147/201) undo-fu-session is up-to-date...
    - (148/201) undo-fu is up-to-date...
    - (150/201) swiper is up-to-date...
    - (156/201) magit-section is up-to-date...
    - (158/201) hydra is up-to-date...
    - (163/201) flycheck is up-to-date...
    - (165/201) emojify is up-to-date...
    - (167/201) drag-stuff is up-to-date...
    - (169/201) counsel is up-to-date...
    - (171/201) company is up-to-date...
    - (172/201) anzu is up-to-date...
    - (175/201) ivy-rich is up-to-date...
    - (176/201) ivy is up-to-date...
    - (177/201) which-key is up-to-date...
    - (178/201) general is up-to-date...
    - (179/201) project is up-to-date...
    - (180/201) projectile is up-to-date...
    - (181/201) ws-butler is up-to-date...
    - (182/201) smartparens is up-to-date...
    - (183/201) pcre2el is up-to-date...
    - (184/201) helpful is up-to-date...
    - (185/201) dtrt-indent is up-to-date...
    - (186/201) better-jumper is up-to-date...
    - (187/201) restart-emacs is up-to-date...
    - (188/201) rainbow-delimiters is up-to-date...
    - (189/201) highlight-numbers is up-to-date...
    - (190/201) hide-mode-line is up-to-date...
    - (191/201) nerd-icons is up-to-date...
    - (192/201) gcmh is up-to-date...
    - (193/201) compat is up-to-date...
    - (194/201) auto-minor-mode is up-to-date...
    - (195/201) use-package is up-to-date...
    - (196/201) straight is up-to-date...
    ✓ All 201 packages are up-to-date
  > Purging orphaned packages (for the emperor)...
    - Skipping builds
    - Skipping elpa packages
    - Skipping repos
    - Skipping regrafting
    - Skipping native bytecode
  > (Re)building profile in /home/fatihyaman/.config/emacs/.local/etc/@/...
    > Deleting old init files...
    > Generating 4 init files...
    > Byte-compiling ~/.config/emacs/.local/etc/@init.29.el...
    ✓ Built init.29.elc
  - Restart Emacs or use 'M-x doom/reload' for changes to take effect
* 214.609841:*:cli:Finished (GCs: 2, elapsed: 0.273121s)
* 214.609841:*:cli:Finished (GCs: 2, elapsed: 0.273121s)
✓ Finished in 3m 34s
