* 0.074526:*:cli:run!: doom sync -e
* 0.074617:*:cli:context-parse: found command (doom)
* 0.074887:*:cli:load: autoload /home/fatihyaman/.config/emacs/lisp/cli/sync.el
* 0.074926:*:cli:load: ~/.config/emacs/lisp/cli/sync.el nil
* 0.075090:*:cli:load: ~/.config/emacs/lisp/cli/packages nil
* 0.081563:*:cli:context-parse: found command (doom sync)
* 0.081818:*:cli:context-parse: found switch "-e"
* 0.082127:*:cli:context-execute: doom sync
* 0.082420:*:cli:execute: (:before) ((input) (context . #s(doom-cli-context (26160 1288 494711 841000) 102340 0 (80 . 34) nil nil doom nil nil (doom sync) nil (sync -e) ((-B) (--rebuild) (-b) (--jobs) (-j) (--gc) (-U) (-u) (-e . -e) (--eval) (-E) (--strict-load) (--load) (-L) (--color) (--benchmark) (--profile) (--pager) (--emacsdir) (--doomdir) (--verbose) (-v) (--debug) (-D) (--force) (-!)) ((t) ((doom sync) -e) ((doom) sync -e))  *doom-cli stdin*  *doom-cli stdout*  *doom-cli stderr* nil)) (_) (evals) (loads) (color?) (bench?) (profile) (pager) (emacsdir) (doomdir) (verbose?) (debug?) (force?))
* 0.082474:*:cli:execute: (doom sync) ((context . #s(doom-cli-context (26160 1288 494711 841000) 102340 0 (80 . 34) nil nil doom nil nil (doom sync) nil (sync -e) ((-B) (--rebuild) (-b) (--jobs) (-j) (--gc) (-U) (-u) (-e . -e) (--eval) (-E) (--strict-load) (--load) (-L) (--color) (--benchmark) (--profile) (--pager) (--emacsdir) (--doomdir) (--verbose) (-v) (--debug) (-D) (--force) (-!)) ((t) ((doom sync) -e) ((doom) sync -e))  *doom-cli stdin*  *doom-cli stdout*  *doom-cli stderr* nil)) (nobuild?) (rebuild?) (jobs) (purge?) (noupdate?) (update?) (noenvvar? . -e))
* 0.082614:*:cli:call: (doom sync) -> (doom profiles sync --reload)
* 0.082695:*:cli:context-parse: found command (doom)
* 0.082898:*:cli:load: autoload /home/fatihyaman/.config/emacs/lisp/cli/profiles.el
* 0.082938:*:cli:load: ~/.config/emacs/lisp/cli/profiles.el nil
* 0.086551:*:cli:context-parse: found command (doom profiles)
* 0.086808:*:cli:context-parse: found command (doom profiles sync)
* 0.087058:*:cli:context-parse: found switch "--reload"
* 0.087379:*:cli:context-execute: doom profiles sync
* 0.087683:*:cli:execute: (:before) ((input) (context . #s(doom-cli-context (26160 1288 494711 841000) 102340 0 (80 . 34) nil nil doom nil nil (doom profiles sync) nil (sync -e) ((--reload . --reload) (-B) (--rebuild) (-b) (--jobs) (-j) (--gc) (-U) (-u) (-e . -e) (--eval) (-E) (--strict-load) (--load) (-L) (--color) (--benchmark) (--profile) (--pager) (--emacsdir) (--doomdir) (--verbose) (-v) (--debug) (-D) (--force) (-!)) ((t) ((doom profiles sync) --reload) ((doom profiles) sync --reload) ((doom) profiles sync --reload))  *doom-cli stdin*  *doom-cli stdout*  *doom-cli stderr* nil)) (_) (evals) (loads) (color?) (bench?) (profile) (pager) (emacsdir) (doomdir) (verbose?) (debug?) (force?))
* 0.087735:*:cli:execute: (doom profiles sync) ((reload? . --reload))
  * 0.088015:*:cli:Profiles are up-to-date!
- Using Emacs 29.3 @ /usr/bin/emacs
> Synchronizing "default" profile...
  * 0.088838:*:cli:Initializing straight
  * 0.088905::context: +packages (cli t)
  * 0.088932::context:module: =[0 -110 -110 :core nil nil nil]
  * 0.120229:*:cli:Initializing recipes
  * 0.125837:*:cli:Installing core packages
  * 0.126047:*:cli:Initializing package.el
  * 0.276091:*:cli:Initializing straight.el
  * 0.276396::context: +packages (cli t)
  * 0.276438::context:module: =[1 105 -105 :user nil nil nil]
  Error (use-package): Cannot load all-the-icons-ivy-rich
  Error (use-package): Cannot load anzu
  Error (use-package): Cannot load company
  Error (use-package): Cannot load company-statistics
  Error (use-package): Cannot load crux
  Error (use-package): Cannot load drag-stuff
  Error (use-package): Cannot load emojify
  Error (use-package): Cannot load emojify-logos
  Error (use-package): Cannot load flycheck
  Error (use-package): Cannot load flycheck-eglot
  Error (use-package): Cannot load goto-line-preview
  Error (use-package): Cannot load helm
  Error (use-package): Cannot load highlight-indentation
  Error (use-package): Cannot load hydra
  Error (use-package): Cannot load magit-delta
  Error (use-package): Cannot load magit-section
  Error (use-package): Cannot load major-mode-hydra
  Error (use-package): Cannot load mode-icons
  Error (use-package): Cannot load popup
  Error (use-package): Cannot load pretty-hydra
  Error (use-package): Cannot load rainbow-mode
  Error (use-package): Cannot load undo-fu
  Error (use-package): Cannot load smartparens
  Error (use-package): Cannot load undo-fu-session
  Error (use-package): Cannot load vundo
  * 0.370388::context:module: =[2 -111 -111 :config use-package nil nil]
  * 0.370752::context:module: =[0 -110 -110 :core nil nil nil]
  * 0.376106::context:module: =[1 105 -105 :user nil nil nil]
  Error (use-package): Cannot load all-the-icons-ivy-rich
  Error (use-package): Cannot load anzu
  Error (use-package): Cannot load company
  Error (use-package): Cannot load company-statistics
  Error (use-package): Cannot load crux
  Error (use-package): Cannot load drag-stuff
  Error (use-package): Cannot load emojify
  Error (use-package): Cannot load emojify-logos
  Error (use-package): Cannot load flycheck
  Error (use-package): Cannot load flycheck-eglot
  Error (use-package): Cannot load goto-line-preview
  Error (use-package): Cannot load helm
  Error (use-package): Cannot load highlight-indentation
  Error (use-package): Cannot load hydra
  Error (use-package): Cannot load magit-delta
  Error (use-package): Cannot load magit-section
  Error (use-package): Cannot load major-mode-hydra
  Error (use-package): Cannot load mode-icons
  Error (use-package): Cannot load popup
  Error (use-package): Cannot load pretty-hydra
  Error (use-package): Cannot load rainbow-mode
  Error (use-package): Cannot load undo-fu
  Error (use-package): Cannot load smartparens
  Error (use-package): Cannot load undo-fu-session
  Error (use-package): Cannot load vundo
  * 0.404831::context:module: =[3 0 0 :completion company nil nil]
  * 0.405607::context:module: =[4 0 0 :completion ivy nil nil]
  * 0.407955::context:module: =[5 0 0 :ui doom nil nil]
  * 0.408490::context:module: =[6 0 0 :ui doom-dashboard nil nil]
  * 0.408531::context:module: =[7 0 0 :ui emoji (+unicode) nil]
  * 0.408927::context:module: =[8 0 0 :ui hl-todo nil nil]
  * 0.409286::context:module: =[9 0 0 :ui hydra nil nil]
  * 0.409625::context:module: =[10 0 0 :ui minimap nil nil]
  * 0.409970::context:module: =[11 0 0 :ui modeline nil nil]
  * 0.410637::context:module: =[12 0 0 :ui ophints nil nil]
  * 0.411111::context:module: =[13 0 0 :ui popup (+defaults) nil]
  * 0.411155::context:module: =[14 0 0 :ui treemacs nil nil]
  * 0.412533::context:module: =[15 0 0 :ui vc-gutter (+pretty) nil]
  * 0.413070::context:module: =[16 0 0 :ui vi-tilde-fringe nil nil]
  * 0.413418::context:module: =[17 0 0 :ui workspaces nil nil]
  * 0.413780::context:module: =[18 0 0 :editor file-templates nil nil]
  * 0.414141::context:module: =[19 0 0 :editor fold nil nil]
  * 0.415049::context:module: =[20 0 0 :editor snippets nil nil]
  * 0.415809::context:module: =[21 0 0 :emacs dired nil nil]
  * 0.417197::context:module: =[22 0 0 :emacs electric nil nil]
  * 0.417242::context:module: =[23 0 0 :emacs undo nil nil]
  * 0.418070::context:module: =[24 0 0 :emacs vc nil nil]
  * 0.419652::context:module: =[25 0 0 :term eshell nil nil]
  * 0.421418::context:module: =[26 0 0 :checkers syntax nil nil]
  * 0.422361::context:module: =[27 0 0 :tools eval (+overlay) nil]
  * 0.422911::context:module: =[28 0 0 :tools lookup nil nil]
  * 0.424979::context:module: =[29 0 0 :tools magit nil nil]
  * 0.425768::context:module: =[30 0 0 :tools make nil nil]
  * 0.426121::context:module: =[31 0 0 :tools pdf nil nil]
  * 0.426670::context:module: =[32 0 0 :tools tree-sitter nil nil]
  * 0.427558::context:module: =[33 0 0 :lang dart (+flutter) nil]
  * 0.428431::context:module: =[34 0 0 :lang emacs-lisp nil nil]
  * 0.430469::context:module: =[35 0 0 :lang fortran nil nil]
  * 0.430512::context:module: =[36 0 0 :lang gdscript (+eglot) nil]
  * 0.430858::context:module: =[37 0 0 :lang julia nil nil]
  * 0.431800::context:module: =[38 0 0 :lang latex nil nil]
  * 0.433519::context:module: =[39 0 0 :lang lua nil nil]
  * 0.434473::context:module: =[40 0 0 :lang markdown nil nil]
  * 0.435502::context:module: =[41 0 0 :lang org nil nil]
  * 0.442720::context:module: =[42 0 0 :lang sh nil nil]
  * 0.443343::context:module: =[43 0 0 :lang yaml nil nil]
  * 0.443695::context:module: =[44 0 0 :app calendar nil nil]
  * 0.444846::context:module: =[45 0 0 :config default (+bindings +smartparens) nil]
  * 0.445808::context:module: =[1 105 -105 :user nil nil nil]
  Error (use-package): Cannot load all-the-icons-ivy-rich
  Error (use-package): Cannot load anzu
  Error (use-package): Cannot load company
  Error (use-package): Cannot load company-statistics
  Error (use-package): Cannot load crux
  Error (use-package): Cannot load drag-stuff
  Error (use-package): Cannot load emojify
  Error (use-package): Cannot load emojify-logos
  Error (use-package): Cannot load flycheck
  Error (use-package): Cannot load flycheck-eglot
  Error (use-package): Cannot load goto-line-preview
  Error (use-package): Cannot load helm
  Error (use-package): Cannot load highlight-indentation
  Error (use-package): Cannot load hydra
  Error (use-package): Cannot load magit-delta
  Error (use-package): Cannot load magit-section
  Error (use-package): Cannot load major-mode-hydra
  Error (use-package): Cannot load mode-icons
  Error (use-package): Cannot load popup
  Error (use-package): Cannot load pretty-hydra
  Error (use-package): Cannot load rainbow-mode
  Error (use-package): Cannot load undo-fu
  Error (use-package): Cannot load smartparens
  Error (use-package): Cannot load undo-fu-session
  Error (use-package): Cannot load vundo
  > Ensuring packages are installed and built...
    - No packages need attention
  > Updating pinned packages...
    - (1/202) bind-key is up-to-date...
    - (14/202) lv is up-to-date...
    - (20/202) tsc is up-to-date...
    - (32/202) request-deferred is up-to-date...
    - (47/202) expand-region is up-to-date...
    - (48/202) link-hint is up-to-date...
    - (49/202) org-gcal is up-to-date...
    - (50/202) calfw-ical is up-to-date...
    - (51/202) calfw-cal is up-to-date...
    - (52/202) calfw-org is up-to-date...
    - (53/202) calfw is up-to-date...
    - (54/202) yaml-mode is up-to-date...
    - (55/202) company-shell is up-to-date...
    - (56/202) ob-async is up-to-date...
    - (57/202) orgit is up-to-date...
    - (58/202) org-pdftools is up-to-date...
    - (59/202) org-cliplink is up-to-date...
    - (60/202) toc-org is up-to-date...
    - (61/202) ox-clip is up-to-date...
    - (62/202) org-yt is up-to-date...
    - (63/202) htmlize is up-to-date...
    - (64/202) avy is up-to-date...
    - (65/202) org-contrib is up-to-date...
    - (66/202) org is up-to-date...
    - (67/202) edit-indirect is up-to-date...
    - (68/202) markdown-toc is up-to-date...
    - (69/202) markdown-mode is up-to-date...
    - (70/202) company-lua is up-to-date...
    - (71/202) lua-mode is up-to-date...
    - (72/202) company-math is up-to-date...
    - (73/202) company-reftex is up-to-date...
    - (74/202) company-auctex is up-to-date...
    - (75/202) latex-preview-pane is up-to-date...
    - (76/202) adaptive-wrap is up-to-date...
    - (77/202) auctex is up-to-date...
    - (78/202) julia-repl is up-to-date...
    - (79/202) julia-mode is up-to-date...
    - (80/202) buttercup is up-to-date...
    - (81/202) flycheck-cask is up-to-date...
    - (82/202) flycheck-package is up-to-date...
    - (83/202) elisp-demos is up-to-date...
    - (84/202) elisp-def is up-to-date...
    - (85/202) overseer is up-to-date...
    - (86/202) macrostep is up-to-date...
    - (87/202) highlight-quoted is up-to-date...
    - (88/202) hover is up-to-date...
    - (89/202) flutter is up-to-date...
    - (90/202) dart-mode is up-to-date...
    - (91/202) tree-sitter-indent is up-to-date...
    - (92/202) tree-sitter-langs is up-to-date...
    - (93/202) tree-sitter is up-to-date...
    - (94/202) saveplace-pdf-view is up-to-date...
    - (95/202) pdf-tools is up-to-date...
    - (96/202) makefile-executor is up-to-date...
    - (97/202) magit-todos is up-to-date...
    - (98/202) magit is up-to-date...
    - (99/202) request is up-to-date...
    - (100/202) ivy-xref is up-to-date...
    - (101/202) dumb-jump is up-to-date...
    - (102/202) eros is up-to-date...
    - (103/202) quickrun is up-to-date...
    - (104/202) flycheck-popup-tip is up-to-date...
    - (105/202) bash-completion is up-to-date...
    - (106/202) fish-completion is up-to-date...
    - (107/202) eshell-syntax-highlighting is up-to-date...
    - (108/202) eshell-did-you-mean is up-to-date...
    - (109/202) esh-help is up-to-date...
    - (110/202) shrink-path is up-to-date...
    - (111/202) eshell-z is up-to-date...
    - (112/202) eshell-up is up-to-date...
    - (113/202) git-modes is up-to-date...
    - (114/202) git-timemachine is up-to-date...
    - (115/202) git-commit is up-to-date...
    - (116/202) browse-at-remote is up-to-date...
    - (117/202) fd-dired is up-to-date...
    - (118/202) dired-rsync is up-to-date...
    - (119/202) dired-git-info is up-to-date...
    - (120/202) diredfl is up-to-date...
    - (121/202) doom-snippets is up-to-date...
    - (122/202) auto-yasnippet is up-to-date...
    - (123/202) ts-fold is up-to-date...
    - (124/202) vimish-fold is up-to-date...
    - (125/202) yasnippet is up-to-date...
    - (126/202) persp-mode is up-to-date...
    - (127/202) vi-tilde-fringe is up-to-date...
    - (128/202) git-gutter-fringe is up-to-date...
    - (129/202) treemacs-persp is up-to-date...
    - (130/202) treemacs-magit is up-to-date...
    - (131/202) treemacs-projectile is up-to-date...
    - (132/202) treemacs-nerd-icons is up-to-date...
    - (133/202) treemacs is up-to-date...
    - (134/202) volatile-highlights is up-to-date...
    - (135/202) doom-modeline is up-to-date...
    - (136/202) minimap is up-to-date...
    - (137/202) hl-todo is up-to-date...
    - (138/202) solaire-mode is up-to-date...
    - (139/202) doom-themes is up-to-date...
    - (140/202) wgrep is up-to-date...
    - (141/202) counsel-projectile is up-to-date...
    - (142/202) amx is up-to-date...
    - (143/202) ivy-avy is up-to-date...
    - (144/202) ivy-hydra is up-to-date...
    - (145/202) company-dict is up-to-date...
    - (146/202) gdscript-mode is up-to-date...
    - (147/202) vundo is up-to-date...
    - (148/202) undo-fu-session is up-to-date...
    - (149/202) undo-fu is up-to-date...
    - (151/202) swiper is up-to-date...
    - (157/202) magit-section is up-to-date...
    - (159/202) hydra is up-to-date...
    - (164/202) flycheck is up-to-date...
    - (166/202) emojify is up-to-date...
    - (168/202) drag-stuff is up-to-date...
    - (170/202) counsel is up-to-date...
    - (172/202) company is up-to-date...
    - (173/202) anzu is up-to-date...
    - (176/202) ivy-rich is up-to-date...
    - (177/202) ivy is up-to-date...
    - (178/202) which-key is up-to-date...
    - (179/202) general is up-to-date...
    - (180/202) project is up-to-date...
    - (181/202) projectile is up-to-date...
    - (182/202) ws-butler is up-to-date...
    - (183/202) smartparens is up-to-date...
    - (184/202) pcre2el is up-to-date...
    - (185/202) helpful is up-to-date...
    - (186/202) dtrt-indent is up-to-date...
    - (187/202) better-jumper is up-to-date...
    - (188/202) restart-emacs is up-to-date...
    - (189/202) rainbow-delimiters is up-to-date...
    - (190/202) highlight-numbers is up-to-date...
    - (191/202) hide-mode-line is up-to-date...
    - (192/202) nerd-icons is up-to-date...
    - (193/202) gcmh is up-to-date...
    - (194/202) compat is up-to-date...
    - (195/202) auto-minor-mode is up-to-date...
    - (196/202) use-package is up-to-date...
    - (197/202) straight is up-to-date...
    ✓ All 202 packages are up-to-date
  > Purging orphaned packages (for the emperor)...
    - Skipping builds
    - Skipping elpa packages
    - Skipping repos
    - Skipping regrafting
    - Skipping native bytecode
  > (Re)building profile in /home/fatihyaman/.config/emacs/.local/etc/@/...
    > Deleting old init files...
    > Generating 4 init files...
    > Byte-compiling ~/.config/emacs/.local/etc/@init.29.el...
    ✓ Built init.29.elc
  - Restart Emacs or use 'M-x doom/reload' for changes to take effect
* 1.770322:*:cli:Finished (GCs: 2, elapsed: 0.268392s)
* 1.770322:*:cli:Finished (GCs: 2, elapsed: 0.268392s)
✓ Finished in 1.77040s
