* 0.075384:*:cli:run!: doom sync
* 0.075480:*:cli:context-parse: found command (doom)
* 0.075740:*:cli:load: autoload /home/fatihyaman/.config/emacs/lisp/cli/sync.el
* 0.075780:*:cli:load: ~/.config/emacs/lisp/cli/sync.el nil
* 0.075953:*:cli:load: ~/.config/emacs/lisp/cli/packages nil
* 0.082501:*:cli:context-parse: found command (doom sync)
* 0.082798:*:cli:context-execute: doom sync
* 0.083098:*:cli:execute: (:before) ((input) (context . #s(doom-cli-context (26159 59947 486077 49000) 89288 0 (118 . 57) nil nil doom nil nil (doom sync) nil (sync) ((-B) (--rebuild) (-b) (--jobs) (-j) (--gc) (-U) (-u) (-e) (--eval) (-E) (--strict-load) (--load) (-L) (--color) (--benchmark) (--profile) (--pager) (--emacsdir) (--doomdir) (--verbose) (-v) (--debug) (-D) (--force) (-!)) ((t) ((doom sync)) ((doom) sync))  *doom-cli stdin*  *doom-cli stdout*  *doom-cli stderr* nil)) (_) (evals) (loads) (color?) (bench?) (profile) (pager) (emacsdir) (doomdir) (verbose?) (debug?) (force?))
* 0.083158:*:cli:execute: (doom sync) ((context . #s(doom-cli-context (26159 59947 486077 49000) 89288 0 (118 . 57) nil nil doom nil nil (doom sync) nil (sync) ((-B) (--rebuild) (-b) (--jobs) (-j) (--gc) (-U) (-u) (-e) (--eval) (-E) (--strict-load) (--load) (-L) (--color) (--benchmark) (--profile) (--pager) (--emacsdir) (--doomdir) (--verbose) (-v) (--debug) (-D) (--force) (-!)) ((t) ((doom sync)) ((doom) sync))  *doom-cli stdin*  *doom-cli stdout*  *doom-cli stderr* nil)) (nobuild?) (rebuild?) (jobs) (purge?) (noupdate?) (update?) (noenvvar?))
* 0.083292:*:cli:call: (doom sync) -> (doom profiles sync --reload)
* 0.083377:*:cli:context-parse: found command (doom)
* 0.083585:*:cli:load: autoload /home/fatihyaman/.config/emacs/lisp/cli/profiles.el
* 0.083625:*:cli:load: ~/.config/emacs/lisp/cli/profiles.el nil
* 0.087308:*:cli:context-parse: found command (doom profiles)
* 0.087576:*:cli:context-parse: found command (doom profiles sync)
* 0.087838:*:cli:context-parse: found switch "--reload"
* 0.088169:*:cli:context-execute: doom profiles sync
* 0.088482:*:cli:execute: (:before) ((input) (context . #s(doom-cli-context (26159 59947 486077 49000) 89288 0 (118 . 57) nil nil doom nil nil (doom profiles sync) nil (sync) ((--reload . --reload) (-B) (--rebuild) (-b) (--jobs) (-j) (--gc) (-U) (-u) (-e) (--eval) (-E) (--strict-load) (--load) (-L) (--color) (--benchmark) (--profile) (--pager) (--emacsdir) (--doomdir) (--verbose) (-v) (--debug) (-D) (--force) (-!)) ((t) ((doom profiles sync) --reload) ((doom profiles) sync --reload) ((doom) profiles sync --reload))  *doom-cli stdin*  *doom-cli stdout*  *doom-cli stderr* nil)) (_) (evals) (loads) (color?) (bench?) (profile) (pager) (emacsdir) (doomdir) (verbose?) (debug?) (force?))
* 0.088541:*:cli:execute: (doom profiles sync) ((reload? . --reload))
  * 0.088807:*:cli:Profiles are up-to-date!
- Using Emacs 29.3 @ /snap/emacs/2440/usr/bin/emacs-gtk
> Synchronizing "default" profile...
  * 0.090027:*:cli:call: (doom profiles sync) -> (doom env)
  * 0.090112:*:cli:context-parse: found command (doom)
  * 0.090317:*:cli:load: autoload /home/fatihyaman/.config/emacs/lisp/cli/env.el
  * 0.090360:*:cli:load: ~/.config/emacs/lisp/cli/env.el nil
  * 0.091962:*:cli:context-parse: found command (doom env)
  * 0.092255:*:cli:context-execute: doom env
  * 0.092534:*:cli:execute: (:before) ((input) (context . #s(doom-cli-context (26159 59947 486077 49000) 89288 0 (118 . 57) nil nil doom nil nil (doom env) nil (sync) ((--deny) (-d) (--allow) (-a) (-o) (--deny-all) (--allow-all) (--reload . --reload) (-B) (--rebuild) (-b) (--jobs) (-j) (--gc) (-U) (-u) (-e) (--eval) (-E) (--strict-load) (--load) (-L) (--color) (--benchmark) (--profile) (--pager) (--emacsdir) (--doomdir) (--verbose) (-v) (--debug) (-D) (--force) (-!)) ((t) ((doom env)) ((doom) env))  *doom-cli stdin*  *doom-cli stdout*  *doom-cli stderr* nil)) (_) (evals) (loads) (color?) (bench?) (profile) (pager) (emacsdir) (doomdir) (verbose?) (debug?) (force?))
  * 0.092592:*:cli:execute: (doom env) ((rules) (output-file) (deny-only) (allow-only))
  > Regenerating envvars file
    * 0.093101:*:cli:cli:env: deny DBUS_SESSION_BUS_ADDRESS
    * 0.093292:*:cli:cli:env: deny XDG_RUNTIME_DIR
    * 0.093636:*:cli:cli:env: deny SHLVL
    * 0.093675:*:cli:cli:env: deny DISPLAY
    * 0.093806:*:cli:cli:env: deny USER
    * 0.093881:*:cli:cli:env: deny __DOOMPID
    * 0.093919:*:cli:cli:env: deny TERM
    * 0.094009:*:cli:cli:env: deny XDG_SESSION_CLASS
    * 0.094278:*:cli:cli:env: deny XDG_CURRENT_DESKTOP
    * 0.094409:*:cli:cli:env: deny __DOOMGPIPE
    * 0.094561:*:cli:cli:env: deny HOME
    * 0.094674:*:cli:cli:env: deny XAUTHORITY
    * 0.094749:*:cli:cli:env: deny GPG_AGENT_INFO
    * 0.094792:*:cli:cli:env: deny XDG_SESSION_TYPE
    * 0.094902:*:cli:cli:env: deny PWD
    * 0.095000:*:cli:cli:env: deny __DOOMSTEP
    * 0.095043:*:cli:cli:env: deny __DOOMGEOM
    * 0.095202:*:cli:cli:env: deny INSIDE_EMACS
    * 0.095250:*:cli:cli:env: deny SSH_AUTH_SOCK
    * 0.095394:*:cli:cli:env: deny __DOOMPIPE
    ✓ Generated ~/.config/emacs/.local/env
  * 0.096445:*:cli:Initializing straight
  * 0.096500::context: +packages (cli t)
  * 0.096542::context:module: =[0 -110 -110 :core nil nil nil]
  * 0.126687:*:cli:Initializing recipes
  * 0.129359:*:cli:Installing core packages
  * 0.129574:*:cli:Initializing package.el
  * 0.274494:*:cli:Initializing straight.el
  * 0.274685::context: +packages (cli t)
  * 0.274719::context:module: =[1 105 -105 :user nil nil nil]
  Error (use-package): Cannot load all-the-icons-ivy-rich
  Error (use-package): Cannot load anzu
  Error (use-package): Cannot load company
  Error (use-package): Cannot load company-statistics
  Error (use-package): Cannot load crux
  Error (use-package): Cannot load drag-stuff
  Error (use-package): Cannot load emojify
  Error (use-package): Cannot load emojify-logos
  Error (use-package): Cannot load flycheck
  Error (use-package): Cannot load flycheck-eglot
  Error (use-package): Cannot load goto-line-preview
  Error (use-package): Cannot load helm
  Error (use-package): Cannot load highlight-indentation
  Error (use-package): Cannot load hydra
  Error (use-package): Cannot load magit-delta
  Error (use-package): Cannot load magit-section
  Error (use-package): Cannot load major-mode-hydra
  Error (use-package): Cannot load mode-icons
  Error (use-package): Cannot load popup
  Error (use-package): Cannot load pretty-hydra
  Error (use-package): Cannot load rainbow-mode
  Error (use-package): Cannot load undo-fu
  Error (use-package): Cannot load smartparens
  Error (use-package): Cannot load undo-fu-session
  Error (use-package): Cannot load vundo
  * 0.364528::context:module: =[2 -111 -111 :config use-package nil nil]
  * 0.365093::context:module: =[0 -110 -110 :core nil nil nil]
  * 0.374533::context:module: =[1 105 -105 :user nil nil nil]
  Error (use-package): Cannot load all-the-icons-ivy-rich
  Error (use-package): Cannot load anzu
  Error (use-package): Cannot load company
  Error (use-package): Cannot load company-statistics
  Error (use-package): Cannot load crux
  Error (use-package): Cannot load drag-stuff
  Error (use-package): Cannot load emojify
  Error (use-package): Cannot load emojify-logos
  Error (use-package): Cannot load flycheck
  Error (use-package): Cannot load flycheck-eglot
  Error (use-package): Cannot load goto-line-preview
  Error (use-package): Cannot load helm
  Error (use-package): Cannot load highlight-indentation
  Error (use-package): Cannot load hydra
  Error (use-package): Cannot load magit-delta
  Error (use-package): Cannot load magit-section
  Error (use-package): Cannot load major-mode-hydra
  Error (use-package): Cannot load mode-icons
  Error (use-package): Cannot load popup
  Error (use-package): Cannot load pretty-hydra
  Error (use-package): Cannot load rainbow-mode
  Error (use-package): Cannot load undo-fu
  Error (use-package): Cannot load smartparens
  Error (use-package): Cannot load undo-fu-session
  Error (use-package): Cannot load vundo
  * 0.407269::context:module: =[3 0 0 :completion company nil nil]
  * 0.407953::context:module: =[4 0 0 :completion ivy nil nil]
  * 0.410358::context:module: =[5 0 0 :ui doom nil nil]
  * 0.410899::context:module: =[6 0 0 :ui doom-dashboard nil nil]
  * 0.410949::context:module: =[7 0 0 :ui emoji (+unicode) nil]
  * 0.411278::context:module: =[8 0 0 :ui hl-todo nil nil]
  * 0.411621::context:module: =[9 0 0 :ui hydra nil nil]
  * 0.411965::context:module: =[10 0 0 :ui minimap nil nil]
  * 0.412309::context:module: =[11 0 0 :ui modeline nil nil]
  * 0.412991::context:module: =[12 0 0 :ui ophints nil nil]
  * 0.413458::context:module: =[13 0 0 :ui popup (+defaults) nil]
  * 0.413504::context:module: =[14 0 0 :ui treemacs nil nil]
  * 0.414915::context:module: =[15 0 0 :ui vc-gutter (+pretty) nil]
  * 0.415386::context:module: =[16 0 0 :ui vi-tilde-fringe nil nil]
  * 0.415735::context:module: =[17 0 0 :ui workspaces nil nil]
  * 0.416088::context:module: =[18 0 0 :editor file-templates nil nil]
  * 0.416434::context:module: =[19 0 0 :editor fold nil nil]
  * 0.417247::context:module: =[20 0 0 :editor snippets nil nil]
  * 0.418037::context:module: =[21 0 0 :emacs dired nil nil]
  * 0.419453::context:module: =[22 0 0 :emacs electric nil nil]
  * 0.419499::context:module: =[23 0 0 :emacs undo nil nil]
  * 0.420320::context:module: =[24 0 0 :emacs vc nil nil]
  * 0.421889::context:module: =[25 0 0 :term eshell nil nil]
  * 0.423562::context:module: =[26 0 0 :checkers syntax nil nil]
  * 0.424485::context:module: =[27 0 0 :tools eval (+overlay) nil]
  * 0.425027::context:module: =[28 0 0 :tools lookup nil nil]
  * 0.427083::context:module: =[29 0 0 :tools magit nil nil]
  * 0.427863::context:module: =[30 0 0 :tools make nil nil]
  * 0.428207::context:module: =[31 0 0 :tools pdf nil nil]
  * 0.428748::context:module: =[32 0 0 :lang dart (+flutter) nil]
  * 0.429655::context:module: =[33 0 0 :lang emacs-lisp nil nil]
  * 0.431531::context:module: =[34 0 0 :lang fortran nil nil]
  * 0.431575::context:module: =[35 0 0 :lang gdscript nil nil]
  * 0.431911::context:module: =[36 0 0 :lang julia nil nil]
  * 0.432921::context:module: =[37 0 0 :lang latex nil nil]
  * 0.434656::context:module: =[38 0 0 :lang lua nil nil]
  * 0.435593::context:module: =[39 0 0 :lang markdown nil nil]
  * 0.436607::context:module: =[40 0 0 :lang org nil nil]
  * 0.443981::context:module: =[41 0 0 :lang sh nil nil]
  * 0.444594::context:module: =[42 0 0 :app calendar nil nil]
  * 0.445758::context:module: =[43 0 0 :config default (+bindings +smartparens) nil]
  * 0.446698::context:module: =[1 105 -105 :user nil nil nil]
  Error (use-package): Cannot load all-the-icons-ivy-rich
  Error (use-package): Cannot load anzu
  Error (use-package): Cannot load company
  Error (use-package): Cannot load company-statistics
  Error (use-package): Cannot load crux
  Error (use-package): Cannot load drag-stuff
  Error (use-package): Cannot load emojify
  Error (use-package): Cannot load emojify-logos
  Error (use-package): Cannot load flycheck
  Error (use-package): Cannot load flycheck-eglot
  Error (use-package): Cannot load goto-line-preview
  Error (use-package): Cannot load helm
  Error (use-package): Cannot load highlight-indentation
  Error (use-package): Cannot load hydra
  Error (use-package): Cannot load magit-delta
  Error (use-package): Cannot load magit-section
  Error (use-package): Cannot load major-mode-hydra
  Error (use-package): Cannot load mode-icons
  Error (use-package): Cannot load popup
  Error (use-package): Cannot load pretty-hydra
  Error (use-package): Cannot load rainbow-mode
  Error (use-package): Cannot load undo-fu
  Error (use-package): Cannot load smartparens
  Error (use-package): Cannot load undo-fu-session
  Error (use-package): Cannot load vundo
  > Ensuring packages are installed and built...
    - No packages need attention
  > Updating pinned packages...
    - (1/196) bind-key is up-to-date...
    - (14/196) lv is up-to-date...
    - (31/196) request-deferred is up-to-date...
    - (46/196) expand-region is up-to-date...
    - (47/196) link-hint is up-to-date...
    - (48/196) org-gcal is up-to-date...
    - (49/196) calfw-ical is up-to-date...
    - (50/196) calfw-cal is up-to-date...
    - (51/196) calfw-org is up-to-date...
    - (52/196) calfw is up-to-date...
    - (53/196) company-shell is up-to-date...
    - (54/196) ob-async is up-to-date...
    - (55/196) orgit is up-to-date...
    - (56/196) org-pdftools is up-to-date...
    - (57/196) org-cliplink is up-to-date...
    - (58/196) toc-org is up-to-date...
    - (59/196) ox-clip is up-to-date...
    - (60/196) org-yt is up-to-date...
    - (61/196) htmlize is up-to-date...
    - (62/196) avy is up-to-date...
    - (63/196) org-contrib is up-to-date...
    - (64/196) org is up-to-date...
    - (65/196) edit-indirect is up-to-date...
    - (66/196) markdown-toc is up-to-date...
    - (67/196) markdown-mode is up-to-date...
    - (68/196) company-lua is up-to-date...
    - (69/196) lua-mode is up-to-date...
    - (70/196) company-math is up-to-date...
    - (71/196) company-reftex is up-to-date...
    - (72/196) company-auctex is up-to-date...
    - (73/196) latex-preview-pane is up-to-date...
    - (74/196) adaptive-wrap is up-to-date...
    - (75/196) auctex is up-to-date...
    - (76/196) julia-repl is up-to-date...
    - (77/196) julia-mode is up-to-date...
    - (78/196) buttercup is up-to-date...
    - (79/196) flycheck-cask is up-to-date...
    - (80/196) flycheck-package is up-to-date...
    - (81/196) elisp-demos is up-to-date...
    - (82/196) elisp-def is up-to-date...
    - (83/196) overseer is up-to-date...
    - (84/196) macrostep is up-to-date...
    - (85/196) highlight-quoted is up-to-date...
    - (86/196) hover is up-to-date...
    - (87/196) flutter is up-to-date...
    - (88/196) dart-mode is up-to-date...
    - (89/196) saveplace-pdf-view is up-to-date...
    - (90/196) pdf-tools is up-to-date...
    - (91/196) makefile-executor is up-to-date...
    - (92/196) magit-todos is up-to-date...
    - (93/196) magit is up-to-date...
    - (94/196) request is up-to-date...
    - (95/196) ivy-xref is up-to-date...
    - (96/196) dumb-jump is up-to-date...
    - (97/196) eros is up-to-date...
    - (98/196) quickrun is up-to-date...
    - (99/196) flycheck-popup-tip is up-to-date...
    - (100/196) bash-completion is up-to-date...
    - (101/196) fish-completion is up-to-date...
    - (102/196) eshell-syntax-highlighting is up-to-date...
    - (103/196) eshell-did-you-mean is up-to-date...
    - (104/196) esh-help is up-to-date...
    - (105/196) shrink-path is up-to-date...
    - (106/196) eshell-z is up-to-date...
    - (107/196) eshell-up is up-to-date...
    - (108/196) git-modes is up-to-date...
    - (109/196) git-timemachine is up-to-date...
    - (110/196) git-commit is up-to-date...
    - (111/196) browse-at-remote is up-to-date...
    - (112/196) fd-dired is up-to-date...
    - (113/196) dired-rsync is up-to-date...
    - (114/196) dired-git-info is up-to-date...
    - (115/196) diredfl is up-to-date...
    - (116/196) doom-snippets is up-to-date...
    - (117/196) auto-yasnippet is up-to-date...
    - (118/196) vimish-fold is up-to-date...
    - (119/196) yasnippet is up-to-date...
    - (120/196) persp-mode is up-to-date...
    - (121/196) vi-tilde-fringe is up-to-date...
    - (122/196) git-gutter-fringe is up-to-date...
    - (123/196) treemacs-persp is up-to-date...
    - (124/196) treemacs-magit is up-to-date...
    - (125/196) treemacs-projectile is up-to-date...
    - (126/196) treemacs-nerd-icons is up-to-date...
    - (127/196) treemacs is up-to-date...
    - (128/196) volatile-highlights is up-to-date...
    - (129/196) doom-modeline is up-to-date...
    - (130/196) minimap is up-to-date...
    - (131/196) hl-todo is up-to-date...
    - (132/196) solaire-mode is up-to-date...
    - (133/196) doom-themes is up-to-date...
    - (134/196) wgrep is up-to-date...
    - (135/196) counsel-projectile is up-to-date...
    - (136/196) amx is up-to-date...
    - (137/196) ivy-avy is up-to-date...
    - (138/196) ivy-hydra is up-to-date...
    - (139/196) company-dict is up-to-date...
    - (140/196) gdscript-mode is up-to-date...
    - (141/196) vundo is up-to-date...
    - (142/196) undo-fu-session is up-to-date...
    - (143/196) undo-fu is up-to-date...
    - (145/196) swiper is up-to-date...
    - (151/196) magit-section is up-to-date...
    - (153/196) hydra is up-to-date...
    - (158/196) flycheck is up-to-date...
    - (160/196) emojify is up-to-date...
    - (162/196) drag-stuff is up-to-date...
    - (164/196) counsel is up-to-date...
    - (166/196) company is up-to-date...
    - (167/196) anzu is up-to-date...
    - (170/196) ivy-rich is up-to-date...
    - (171/196) ivy is up-to-date...
    - (172/196) which-key is up-to-date...
    - (173/196) general is up-to-date...
    - (174/196) project is up-to-date...
    - (175/196) projectile is up-to-date...
    - (176/196) ws-butler is up-to-date...
    - (177/196) smartparens is up-to-date...
    - (178/196) pcre2el is up-to-date...
    - (179/196) helpful is up-to-date...
    - (180/196) dtrt-indent is up-to-date...
    - (181/196) better-jumper is up-to-date...
    - (182/196) restart-emacs is up-to-date...
    - (183/196) rainbow-delimiters is up-to-date...
    - (184/196) highlight-numbers is up-to-date...
    - (185/196) hide-mode-line is up-to-date...
    - (186/196) nerd-icons is up-to-date...
    - (187/196) gcmh is up-to-date...
    - (188/196) compat is up-to-date...
    - (189/196) auto-minor-mode is up-to-date...
    - (190/196) use-package is up-to-date...
    - (191/196) straight is up-to-date...
    ✓ All 196 packages are up-to-date
  > Purging orphaned packages (for the emperor)...
    - Skipping builds
    - Skipping elpa packages
    - Skipping repos
    - Skipping regrafting
    - Skipping native bytecode
  > (Re)building profile in /home/fatihyaman/.config/emacs/.local/etc/@/...
    > Deleting old init files...
    > Generating 4 init files...
    > Byte-compiling ~/.config/emacs/.local/etc/@init.29.el...
    ✓ Built init.29.elc
  - Restart Emacs or use 'M-x doom/reload' for changes to take effect
* 1.752808:*:cli:Finished (GCs: 2, elapsed: 0.292950s)
* 1.752808:*:cli:Finished (GCs: 2, elapsed: 0.292950s)
