* 0.073348:*:cli:run!: doom sync
* 0.073441:*:cli:context-parse: found command (doom)
* 0.073691:*:cli:load: autoload /home/fatihyaman/.config/emacs/lisp/cli/sync.el
* 0.073728:*:cli:load: ~/.config/emacs/lisp/cli/sync.el nil
* 0.073894:*:cli:load: ~/.config/emacs/lisp/cli/packages nil
* 0.080230:*:cli:context-parse: found command (doom sync)
* 0.080516:*:cli:context-execute: doom sync
* 0.080806:*:cli:execute: (:before) ((input) (context . #s(doom-cli-context (26159 59856 172026 917000) 89180 0 (118 . 57) nil nil doom nil nil (doom sync) nil (sync) ((-B) (--rebuild) (-b) (--jobs) (-j) (--gc) (-U) (-u) (-e) (--eval) (-E) (--strict-load) (--load) (-L) (--color) (--benchmark) (--profile) (--pager) (--emacsdir) (--doomdir) (--verbose) (-v) (--debug) (-D) (--force) (-!)) ((t) ((doom sync)) ((doom) sync))  *doom-cli stdin*  *doom-cli stdout*  *doom-cli stderr* nil)) (_) (evals) (loads) (color?) (bench?) (profile) (pager) (emacsdir) (doomdir) (verbose?) (debug?) (force?))
* 0.080863:*:cli:execute: (doom sync) ((context . #s(doom-cli-context (26159 59856 172026 917000) 89180 0 (118 . 57) nil nil doom nil nil (doom sync) nil (sync) ((-B) (--rebuild) (-b) (--jobs) (-j) (--gc) (-U) (-u) (-e) (--eval) (-E) (--strict-load) (--load) (-L) (--color) (--benchmark) (--profile) (--pager) (--emacsdir) (--doomdir) (--verbose) (-v) (--debug) (-D) (--force) (-!)) ((t) ((doom sync)) ((doom) sync))  *doom-cli stdin*  *doom-cli stdout*  *doom-cli stderr* nil)) (nobuild?) (rebuild?) (jobs) (purge?) (noupdate?) (update?) (noenvvar?))
* 0.080992:*:cli:call: (doom sync) -> (doom profiles sync --reload)
* 0.081073:*:cli:context-parse: found command (doom)
* 0.081274:*:cli:load: autoload /home/fatihyaman/.config/emacs/lisp/cli/profiles.el
* 0.081311:*:cli:load: ~/.config/emacs/lisp/cli/profiles.el nil
* 0.084867:*:cli:context-parse: found command (doom profiles)
* 0.085124:*:cli:context-parse: found command (doom profiles sync)
* 0.085375:*:cli:context-parse: found switch "--reload"
* 0.085692:*:cli:context-execute: doom profiles sync
* 0.086001:*:cli:execute: (:before) ((input) (context . #s(doom-cli-context (26159 59856 172026 917000) 89180 0 (118 . 57) nil nil doom nil nil (doom profiles sync) nil (sync) ((--reload . --reload) (-B) (--rebuild) (-b) (--jobs) (-j) (--gc) (-U) (-u) (-e) (--eval) (-E) (--strict-load) (--load) (-L) (--color) (--benchmark) (--profile) (--pager) (--emacsdir) (--doomdir) (--verbose) (-v) (--debug) (-D) (--force) (-!)) ((t) ((doom profiles sync) --reload) ((doom profiles) sync --reload) ((doom) profiles sync --reload))  *doom-cli stdin*  *doom-cli stdout*  *doom-cli stderr* nil)) (_) (evals) (loads) (color?) (bench?) (profile) (pager) (emacsdir) (doomdir) (verbose?) (debug?) (force?))
* 0.086057:*:cli:execute: (doom profiles sync) ((reload? . --reload))
  * 0.086317:*:cli:Profiles are up-to-date!
- Using Emacs 29.3 @ /snap/emacs/2440/usr/bin/emacs-gtk
> Synchronizing "default" profile...
  * 0.087363:*:cli:call: (doom profiles sync) -> (doom env)
  * 0.087452:*:cli:context-parse: found command (doom)
  * 0.087654:*:cli:load: autoload /home/fatihyaman/.config/emacs/lisp/cli/env.el
  * 0.087696:*:cli:load: ~/.config/emacs/lisp/cli/env.el nil
  * 0.089258:*:cli:context-parse: found command (doom env)
  * 0.089537:*:cli:context-execute: doom env
  * 0.089810:*:cli:execute: (:before) ((input) (context . #s(doom-cli-context (26159 59856 172026 917000) 89180 0 (118 . 57) nil nil doom nil nil (doom env) nil (sync) ((--deny) (-d) (--allow) (-a) (-o) (--deny-all) (--allow-all) (--reload . --reload) (-B) (--rebuild) (-b) (--jobs) (-j) (--gc) (-U) (-u) (-e) (--eval) (-E) (--strict-load) (--load) (-L) (--color) (--benchmark) (--profile) (--pager) (--emacsdir) (--doomdir) (--verbose) (-v) (--debug) (-D) (--force) (-!)) ((t) ((doom env)) ((doom) env))  *doom-cli stdin*  *doom-cli stdout*  *doom-cli stderr* nil)) (_) (evals) (loads) (color?) (bench?) (profile) (pager) (emacsdir) (doomdir) (verbose?) (debug?) (force?))
  * 0.089865:*:cli:execute: (doom env) ((rules) (output-file) (deny-only) (allow-only))
  > Regenerating envvars file
    * 0.090359:*:cli:cli:env: deny DBUS_SESSION_BUS_ADDRESS
    * 0.090565:*:cli:cli:env: deny XDG_RUNTIME_DIR
    * 0.090815:*:cli:cli:env: deny SHLVL
    * 0.090851:*:cli:cli:env: deny DISPLAY
    * 0.091020:*:cli:cli:env: deny USER
    * 0.091092:*:cli:cli:env: deny __DOOMPID
    * 0.091146:*:cli:cli:env: deny TERM
    * 0.091250:*:cli:cli:env: deny XDG_SESSION_CLASS
    * 0.091511:*:cli:cli:env: deny XDG_CURRENT_DESKTOP
    * 0.091780:*:cli:cli:env: deny __DOOMGPIPE
    * 0.092077:*:cli:cli:env: deny HOME
    * 0.092375:*:cli:cli:env: deny XAUTHORITY
    * 0.092492:*:cli:cli:env: deny GPG_AGENT_INFO
    * 0.092557:*:cli:cli:env: deny XDG_SESSION_TYPE
    * 0.092735:*:cli:cli:env: deny PWD
    * 0.092900:*:cli:cli:env: deny __DOOMSTEP
    * 0.092970:*:cli:cli:env: deny __DOOMGEOM
    * 0.093290:*:cli:cli:env: deny INSIDE_EMACS
    * 0.093361:*:cli:cli:env: deny SSH_AUTH_SOCK
    * 0.093604:*:cli:cli:env: deny __DOOMPIPE
    ✓ Generated ~/.config/emacs/.local/env
  * 0.095251:*:cli:Initializing straight
  * 0.095329::context: +packages (cli t)
  * 0.095370::context:module: =[0 -110 -110 :core nil nil nil]
  * 0.135034:*:cli:Initializing recipes
  * 0.137743:*:cli:Installing core packages
  * 0.137946:*:cli:Initializing package.el
  * 0.280856:*:cli:Initializing straight.el
  * 0.281048::context: +packages (cli t)
  * 0.281079::context:module: =[1 105 -105 :user nil nil nil]
    * 0.938133:*:cli:packages::user:Finished (GCs: 1, elapsed: 0.006829s)
  * 0.938133:*:cli:packages::user:Finished (GCs: 1, elapsed: 0.006829s)
