* 0.072591:*:cli:run!: doom doctor
* 0.072681:*:cli:context-parse: found command (doom)
* 0.072923:*:cli:load: autoload /home/fatihyaman/.config/emacs/lisp/cli/doctor.el
* 0.072960:*:cli:load: ~/.config/emacs/lisp/cli/doctor.el nil
* 0.074855:*:cli:context-parse: found command (doom doctor)
* 0.075093:*:cli:context-execute: doom doctor
* 0.075349:*:cli:execute: (:before) ((input) (context . #s(doom-cli-context (26159 58776 615255 404000) 87983 0 (118 . 57) nil nil doom nil nil (doom doctor) nil (doctor) ((--eval) (-E) (--strict-load) (--load) (-L) (--color) (--benchmark) (--profile) (--pager) (--emacsdir) (--doomdir) (--verbose) (-v) (--debug) (-D) (--force) (-!)) ((t) ((doom doctor)) ((doom) doctor))  *doom-cli stdin*  *doom-cli stdout*  *doom-cli stderr* nil)) (_) (evals) (loads) (color?) (bench?) (profile) (pager) (emacsdir) (doomdir) (verbose?) (debug?) (force?))
* 0.075429:*:cli:execute: (doom doctor) nil
The doctor will see you now...

> Checking your Emacs version...
> Checking for Doom's prerequisites...
> Checking for Emacs config conflicts...
> Checking for missing Emacs features...
> Checking for private config conflicts...
> Checking for common environmental issues...
> Checking for stale elc files...
> Checking for problematic git global settings...
> Checking Doom Emacs...
  * 0.123889:*:cli:hook:doom-before-init-hook: run doom--begin-init-h
  * 0.123946::context: +init (cli t)
  * 0.124160:*:cli:init:load: ~/.config/doom/init t
  * 0.124794:*:cli:init:load: ~/.config/emacs/.local/etc/@/init.29.el noerror
  * 0.146635::context: +modules (init cli t)
  * 0.146703:*:cli:init:modules::config:use-package:load: ~/.config/emacs/modules/config/use-package/init nil
  * 0.147311:*:cli:init:modules::core:load: ~/.config/emacs/lisp/init nil
  * 0.147439:*:cli:init:modules::core:load: doom-keybinds nil
  * 0.161007:*:cli:init:modules::core:load: doom-ui nil
  * 0.165640:*:cli:init:modules::core:load: doom-projects nil
  * 0.169725:*:cli:init:modules::core:load: doom-editor nil
  * 0.175420:*:cli:init:modules:hook:doom-after-modules-init-hook: run general-auto-unbind-keys
  * 0.175705:*:cli:init:modules::completion:company:load: ~/.config/emacs/modules/completion/company/config nil
  * 0.176596:*:cli:init:modules::completion:ivy:load: ~/.config/emacs/modules/completion/ivy/config nil
  * 0.178601:*:cli:init:modules::ui:doom:load: ~/.config/emacs/modules/ui/doom/config nil
  * 0.178871:*:cli:init:modules::ui:doom-dashboard:load: ~/.config/emacs/modules/ui/doom-dashboard/config nil
  * 0.183275:*:cli:init:modules::ui:emoji:load: ~/.config/emacs/modules/ui/emoji/config nil
  * 0.183497:*:cli:init:modules::ui:hl-todo:load: ~/.config/emacs/modules/ui/hl-todo/config nil
  * 0.183927:*:cli:init:modules::ui:hydra:load: ~/.config/emacs/modules/ui/hydra/config nil
  * 0.184187:*:cli:init:modules::ui:minimap:load: ~/.config/emacs/modules/ui/minimap/config nil
  * 0.184460:*:cli:init:modules::ui:modeline:load: ~/.config/emacs/modules/ui/modeline/config nil
  * 0.185026:*:cli:init:modules::ui:ophints:load: ~/.config/emacs/modules/ui/ophints/config nil
  * 0.185412:*:cli:init:modules::ui:popup:load: ~/.config/emacs/modules/ui/popup/config nil
  * 0.186848:*:cli:init:modules::ui:popup:load: ~/.config/emacs/modules/ui/popup/+hacks nil
  * 0.189245:*:cli:init:modules::ui:treemacs:load: ~/.config/emacs/modules/ui/treemacs/config nil
  * 0.189783:*:cli:init:modules::ui:vc-gutter:load: ~/.config/emacs/modules/ui/vc-gutter/config nil
  * 0.190815:*:cli:init:modules::ui:workspaces:load: ~/.config/emacs/modules/ui/workspaces/config nil
  * 0.191823:*:cli:init:modules::editor:file-templates:load: ~/.config/emacs/modules/editor/file-templates/config nil
  * 0.192199:*:cli:init:modules::editor:fold:load: ~/.config/emacs/modules/editor/fold/config nil
  * 0.193471:*:cli:init:modules::editor:snippets:load: ~/.config/emacs/modules/editor/snippets/config nil
  * 0.194094:*:cli:init:modules::emacs:dired:load: ~/.config/emacs/modules/emacs/dired/config nil
  * 0.195321:*:cli:init:modules::emacs:electric:load: ~/.config/emacs/modules/emacs/electric/config nil
  * 0.195551:*:cli:init:modules::emacs:undo:load: ~/.config/emacs/modules/emacs/undo/config nil
  * 0.196517:*:cli:init:modules::emacs:vc:load: ~/.config/emacs/modules/emacs/vc/config nil
  * 0.197219:*:cli:init:modules::term:eshell:load: ~/.config/emacs/modules/term/eshell/config nil
  * 0.199129:*:cli:init:modules::checkers:syntax:load: ~/.config/emacs/modules/checkers/syntax/config nil
  * 0.199792:*:cli:init:modules::tools:eval:load: ~/.config/emacs/modules/tools/eval/config nil
  * 0.200351:*:cli:init:modules::tools:lookup:load: ~/.config/emacs/modules/tools/lookup/config nil
  * 0.201260:*:cli:init:modules::tools:magit:load: ~/.config/emacs/modules/tools/magit/config nil
  * 0.202464:*:cli:init:modules::tools:pdf:load: ~/.config/emacs/modules/tools/pdf/config nil
  * 0.203076:*:cli:init:modules::lang:dart:load: ~/.config/emacs/modules/lang/dart/config nil
  * 0.203501:*:cli:init:modules::lang:emacs-lisp:load: ~/.config/emacs/modules/lang/emacs-lisp/config nil
  * 0.205572:*:cli:init:modules::lang:fortran:load: ~/.config/emacs/modules/lang/fortran/config nil
  * 0.206522:*:cli:init:modules::lang:gdscript:load: ~/.config/emacs/modules/lang/gdscript/config nil
  * 0.207080:*:cli:init:modules::lang:julia:load: ~/.config/emacs/modules/lang/julia/config nil
  * 0.208835:*:cli:init:modules::lang:latex:load: ~/.config/emacs/modules/lang/latex/config nil
  * 0.211410:*:cli:init:modules::lang:latex:load: ~/.config/emacs/modules/lang/latex/+ref nil
  * 0.211997:*:cli:init:modules::lang:lua:load: ~/.config/emacs/modules/lang/lua/config nil
  * 0.214187:*:cli:init:modules::lang:markdown:load: ~/.config/emacs/modules/lang/markdown/config nil
  * 0.214894:*:cli:init:modules::lang:org:load: ~/.config/emacs/modules/lang/org/config nil
  * 0.233939:*:cli:init:modules::lang:sh:load: ~/.config/emacs/modules/lang/sh/config nil
  * 0.234505:*:cli:init:modules::app:calendar:load: ~/.config/emacs/modules/app/calendar/config nil
  * 0.235018:*:cli:init:modules::config:default:load: ~/.config/emacs/modules/config/default/config nil
  * 0.236728:*:cli:init:modules::config:default:load: ~/.config/emacs/modules/config/default/+emacs nil
  * 0.287617:*:cli:init:modules::config:default:load: ~/.config/emacs/modules/config/default/+emacs-bindings nil
  * 0.288698:*:cli:init:modules::user:load: ~/.config/doom/config nil
  * 0.294907:*:cli:init:modules:load: ~/.config/doom/custom.el noerror
  * 0.295304:*:cli:init:Initializing straight
  * 0.295366::context: +packages (init cli t)
  * 0.295404::context:module: =[0 -110 -110 :core nil nil nil]
  * 0.332421:*:cli:init:Initializing straight
  * 0.332481::context: +packages (init cli t)
  * 0.332511::context:module: =[0 -110 -110 :core nil nil nil]
  * 0.337590:*:cli:init:Initializing recipes
  * 0.340238:*:cli:init:Installing core packages
  * 0.340447:*:cli:init:Initializing package.el
  * 0.527318:*:cli:init:Initializing straight.el
  * 0.527506::context: +packages (init cli t)
  * 0.527540::context:module: =[1 105 -105 :user nil nil nil]
  * 2.005829::context:module: =[2 -111 -111 :config use-package nil nil]
  * 2.006573::context:module: =[0 -110 -110 :core nil nil nil]
  * 2.016014::context:module: =[1 105 -105 :user nil nil nil]
  * 2.040887::context:module: =[3 0 0 :completion company nil nil]
  * 2.042215::context:module: =[4 0 0 :completion ivy nil nil]
  * 2.047582::context:module: =[5 0 0 :ui doom nil nil]
  * 2.048773::context:module: =[6 0 0 :ui doom-dashboard nil nil]
  * 2.048816::context:module: =[7 0 0 :ui emoji (+unicode) nil]
  * 2.049504::context:module: =[8 0 0 :ui hl-todo nil nil]
  * 2.050203::context:module: =[9 0 0 :ui hydra nil nil]
  * 2.050904::context:module: =[10 0 0 :ui minimap nil nil]
  * 2.051597::context:module: =[11 0 0 :ui modeline nil nil]
  * 2.053042::context:module: =[12 0 0 :ui ophints nil nil]
  * 2.053862::context:module: =[13 0 0 :ui popup (+defaults) nil]
  * 2.053906::context:module: =[14 0 0 :ui treemacs nil nil]
  * 2.056800::context:module: =[15 0 0 :ui vc-gutter (+pretty) nil]
  * 2.057625::context:module: =[16 0 0 :ui vi-tilde-fringe nil nil]
  * 2.058366::context:module: =[17 0 0 :ui workspaces nil nil]
  * 2.059068::context:module: =[18 0 0 :editor file-templates nil nil]
  * 2.059781::context:module: =[19 0 0 :editor fold nil nil]
  * 2.061266::context:module: =[20 0 0 :editor snippets nil nil]
  * 2.062956::context:module: =[21 0 0 :emacs dired nil nil]
  * 2.065448::context:module: =[22 0 0 :emacs electric nil nil]
  * 2.065490::context:module: =[23 0 0 :emacs undo nil nil]
  * 2.067248::context:module: =[24 0 0 :emacs vc nil nil]
  * 2.070932::context:module: =[25 0 0 :term eshell nil nil]
  * 2.075022::context:module: =[26 0 0 :checkers syntax nil nil]
  * 2.076570::context:module: =[27 0 0 :tools eval (+overlay) nil]
  * 2.077729::context:module: =[28 0 0 :tools lookup nil nil]
  * 2.080581::context:module: =[29 0 0 :tools magit nil nil]
  * 2.081977::context:module: =[30 0 0 :tools make nil nil]
  * 2.082678::context:module: =[31 0 0 :tools pdf nil nil]
  * 2.083853::context:module: =[32 0 0 :lang dart (+flutter) nil]
  * 2.085677::context:module: =[33 0 0 :lang emacs-lisp nil nil]
  * 2.090218::context:module: =[34 0 0 :lang fortran nil nil]
  * 2.090263::context:module: =[35 0 0 :lang gdscript nil nil]
  * 2.090986::context:module: =[36 0 0 :lang julia nil nil]
  * 2.092581::context:module: =[37 0 0 :lang latex nil nil]
  * 2.095973::context:module: =[38 0 0 :lang lua nil nil]
  * 2.097596::context:module: =[39 0 0 :lang markdown nil nil]
  * 2.099496::context:module: =[40 0 0 :lang org nil nil]
  * 2.109514::context:module: =[41 0 0 :lang sh nil nil]
  * 2.110457::context:module: =[42 0 0 :app calendar nil nil]
  * 2.113132::context:module: =[43 0 0 :config default (+bindings +smartparens) nil]
  * 2.115261::context:module: =[1 105 -105 :user nil nil nil]
  * 2.220409:*:cli:init:Initializing recipes
  * 2.230398:*:cli:init:Installing core packages
  ✓ Initialized Doom Emacs 3.0.0-pre
  ✓ Detected 44 modules
  ✓ Detected 151 packages
  > Checking Doom core for irregularities...
    Found font NFM.ttf
  > Checking for stale elc files in your DOOMDIR...
  > Checking your enabled modules...
  * 2.370997::context: +doctor (init cli t)
  * 2.371041::context:module: =[2 -111 -111 :config use-package nil nil]
  * 2.371075::context: +packages (doctor init cli t)
  * 2.381315::context: +doctor (init cli t)
  * 2.381380::context:module: =[0 -110 -110 :core nil nil nil]
  * 2.381416::context: +packages (doctor init cli t)
  * 2.535930::context: +doctor (init cli t)
  * 2.536001::context:module: =[1 105 -105 :user nil nil nil]
  * 2.536036::context: +packages (doctor init cli t)
  * 2.771453::context: +doctor (init cli t)
  * 2.771521::context:module: =[3 0 0 :completion company nil nil]
  * 2.771557::context: +packages (doctor init cli t)
  * 2.785768::context: +doctor (init cli t)
  * 2.785809::context:module: =[4 0 0 :completion ivy nil nil]
  * 2.785838::context: +packages (doctor init cli t)
  * 2.845275::context: +doctor (init cli t)
  * 2.845322::context:module: =[5 0 0 :ui doom nil nil]
  * 2.845356::context: +packages (doctor init cli t)
  * 2.857687::context: +doctor (init cli t)
  * 2.857736::context:module: =[6 0 0 :ui doom-dashboard nil nil]
  * 2.857767::context: +packages (doctor init cli t)
  * 2.857885::context: +doctor (init cli t)
  * 2.857913::context:module: =[7 0 0 :ui emoji (+unicode) nil]
  * 2.857943::context: +packages (doctor init cli t)
  * 2.865250::context: +doctor (init cli t)
  * 2.865297::context:module: =[8 0 0 :ui hl-todo nil nil]
  * 2.865327::context: +packages (doctor init cli t)
  * 2.871504::context: +doctor (init cli t)
  * 2.871542::context:module: =[9 0 0 :ui hydra nil nil]
  * 2.871575::context: +packages (doctor init cli t)
  * 2.878634::context: +doctor (init cli t)
  * 2.878674::context:module: =[10 0 0 :ui minimap nil nil]
  * 2.878703::context: +packages (doctor init cli t)
  * 2.884874::context: +doctor (init cli t)
  * 2.884918::context:module: =[11 0 0 :ui modeline nil nil]
  * 2.884952::context: +packages (doctor init cli t)
  * 2.898696::context: +doctor (init cli t)
  * 2.898735::context:module: =[12 0 0 :ui ophints nil nil]
  * 2.898766::context: +packages (doctor init cli t)
  * 2.905203::context: +doctor (init cli t)
  * 2.905241::context:module: =[13 0 0 :ui popup (+defaults) nil]
  * 2.905274::context: +packages (doctor init cli t)
  * 2.905389::context: +doctor (init cli t)
  * 2.905432::context:module: =[14 0 0 :ui treemacs nil nil]
  * 2.905459::context: +packages (doctor init cli t)
  * 2.934936::context: +doctor (init cli t)
  * 2.934975::context:module: =[15 0 0 :ui vc-gutter (+pretty) nil]
  * 2.935006::context: +packages (doctor init cli t)
  * 2.941122::context: +doctor (init cli t)
  * 2.941167::context:module: =[16 0 0 :ui vi-tilde-fringe nil nil]
  * 2.941200::context: +packages (doctor init cli t)
  * 2.947065::context: +doctor (init cli t)
  * 2.947103::context:module: =[17 0 0 :ui workspaces nil nil]
  * 2.947133::context: +packages (doctor init cli t)
  * 2.953016::context: +doctor (init cli t)
  * 2.953057::context:module: =[18 0 0 :editor file-templates nil nil]
  * 2.953090::context: +packages (doctor init cli t)
  * 2.958887::context: +doctor (init cli t)
  * 2.958933::context:module: =[19 0 0 :editor fold nil nil]
  * 2.958964::context: +packages (doctor init cli t)
  * 2.965521::context: +doctor (init cli t)
  * 2.965569::context:module: =[20 0 0 :editor snippets nil nil]
  * 2.965600::context: +packages (doctor init cli t)
  * 2.982234::context: +doctor (init cli t)
  * 2.982271::context:module: =[21 0 0 :emacs dired nil nil]
  * 2.982303::context: +packages (doctor init cli t)
  * 3.004453::context: +doctor (init cli t)
  * 3.004494::context:module: =[22 0 0 :emacs electric nil nil]
  * 3.004525::context: +packages (doctor init cli t)
  * 3.004657::context: +doctor (init cli t)
  * 3.004683::context:module: =[23 0 0 :emacs undo nil nil]
  * 3.004714::context: +packages (doctor init cli t)
  * 3.024107::context: +doctor (init cli t)
  * 3.024146::context:module: =[24 0 0 :emacs vc nil nil]
  * 3.024175::context: +packages (doctor init cli t)
  * 3.046374::context: +doctor (init cli t)
  * 3.046413::context:module: =[25 0 0 :term eshell nil nil]
  * 3.046455::context: +packages (doctor init cli t)
  * 3.085322::context: +doctor (init cli t)
  * 3.085361::context:module: =[26 0 0 :checkers syntax nil nil]
  * 3.085400::context: +packages (doctor init cli t)
  * 3.097746::context: +doctor (init cli t)
  * 3.097786::context:module: =[27 0 0 :tools eval (+overlay) nil]
  * 3.097817::context: +packages (doctor init cli t)
  * 3.107084::context: +doctor (init cli t)
  * 3.107125::context:module: =[28 0 0 :tools lookup nil nil]
  * 3.107155::context: +packages (doctor init cli t)
  * 3.122135::context: +doctor (init cli t)
  * 3.122173::context:module: =[29 0 0 :tools magit nil nil]
  * 3.122211::context: +packages (doctor init cli t)
  * 3.131352::context: +doctor (init cli t)
  * 3.131390::context:module: =[30 0 0 :tools make nil nil]
  * 3.131430::context: +packages (doctor init cli t)
  * 3.136061::context: +doctor (init cli t)
  * 3.136098::context:module: =[31 0 0 :tools pdf nil nil]
  * 3.136128::context: +packages (doctor init cli t)
  * 3.145317::context: +doctor (init cli t)
  * 3.145359::context:module: =[32 0 0 :lang dart (+flutter) nil]
  * 3.145396::context: +packages (doctor init cli t)
  * 3.159436::context: +doctor (init cli t)
  * 3.159498::context:module: =[33 0 0 :lang emacs-lisp nil nil]
  * 3.159542::context: +packages (doctor init cli t)
  * 3.191677::context: +doctor (init cli t)
  * 3.191716::context:module: =[34 0 0 :lang fortran nil nil]
  * 3.191750::context: +packages (doctor init cli t)
    > :lang fortran
      ! Couldn't find fpm - project building/testing will not work.
  * 3.193729::context: +doctor (init cli t)
  * 3.193779::context:module: =[35 0 0 :lang gdscript nil nil]
  * 3.193812::context: +packages (doctor init cli t)
  * 3.199221::context: +doctor (init cli t)
  * 3.199277::context:module: =[36 0 0 :lang julia nil nil]
  * 3.199319::context: +packages (doctor init cli t)
  * 3.209503::context: +doctor (init cli t)
  * 3.209563::context:module: =[37 0 0 :lang latex nil nil]
  * 3.209599::context: +packages (doctor init cli t)
  * 3.231690::context: +doctor (init cli t)
  * 3.231738::context:module: =[38 0 0 :lang lua nil nil]
  * 3.231769::context: +packages (doctor init cli t)
  * 3.239153::context: +doctor (init cli t)
  * 3.239195::context:module: =[39 0 0 :lang markdown nil nil]
  * 3.239232::context: +packages (doctor init cli t)
    > :lang markdown
      ! Couldn't find a markdown compiler, `markdown-preview' won't work
  * 3.283144::context: +doctor (init cli t)
  * 3.283185::context:module: =[40 0 0 :lang org nil nil]
  * 3.283229::context: +packages (doctor init cli t)
  * 3.320580::context: +doctor (init cli t)
  * 3.320639::context:module: =[41 0 0 :lang sh nil nil]
  * 3.320673::context: +packages (doctor init cli t)
    > :lang sh
      ! Couldn't find shellcheck. Shell script linting will not work
  * 3.325836::context: +doctor (init cli t)
  * 3.325876::context:module: =[42 0 0 :app calendar nil nil]
  * 3.325912::context: +packages (doctor init cli t)
  * 3.339604::context: +doctor (init cli t)
  * 3.339648::context:module: =[43 0 0 :config default (+bindings +smartparens) nil]
  * 3.339682::context: +packages (doctor init cli t)

There are 3 warnings!
* 3.357742:*:cli:init:Finished (GCs: 2, elapsed: 0.070154s)
* 3.357742:*:cli:init:Finished (GCs: 2, elapsed: 0.070154s)
