* 0.076019:*:cli:run!: doom 
* 0.076112:*:cli:context-parse: found command (doom)
* 0.076375:*:cli:context-execute: doom
Error: a subcommand is required
* 0.076837:*:cli:call: (doom) -> (:help --subcommands --postamble)
* 0.076913:*:cli:context-parse: found command (:help)
* 0.077124:*:cli:context-parse: found switch "--subcommands"
* 0.077361:*:cli:context-parse: found switch "--postamble"
* 0.077615:*:cli:context-execute: :help
* 0.077869:*:cli:execute: (:before) ((input) (context . #s(doom-cli-context (26159 60800 640894 905000) 91699 0 (80 . 24) nil nil doom nil (doom-cli-command-not-found-error doom) (:help) nil nil ((--postamble) (--envvars) (--similar) (--subcommands) (--synopsis --subcommands --postamble) (--commands) (--manpage) (--no-global) (-g) (--eval) (-E) (--strict-load) (--load) (-L) (--color) (--benchmark) (--profile) (--pager) (--emacsdir) (--doomdir) (--verbose) (-v) (--debug) (-D) (--force) (-!)) ((t) (nil --subcommands --postamble))  *doom-cli stdin*  *doom-cli stdout*  *doom-cli stderr* nil)) (_) (evals) (loads) (color?) (bench?) (profile) (pager) (emacsdir) (doomdir) (verbose?) (debug?) (force?))
* 0.077926:*:cli:execute: (:help) ((context . #s(doom-cli-context (26159 60800 640894 905000) 91699 0 (80 . 24) nil nil doom nil (doom-cli-command-not-found-error doom) (:help) nil nil ((--postamble) (--envvars) (--similar) (--subcommands) (--synopsis --subcommands --postamble) (--commands) (--manpage) (--no-global) (-g) (--eval) (-E) (--strict-load) (--load) (-L) (--color) (--benchmark) (--profile) (--pager) (--emacsdir) (--doomdir) (--verbose) (-v) (--debug) (-D) (--force) (-!)) ((t) (nil --subcommands --postamble))  *doom-cli stdin*  *doom-cli stdout*  *doom-cli stderr* nil)) (command) (sections --subcommands --postamble) (commands?) (manpage?) (localonly?))
* 0.077986:*:cli:load: autoload /home/fatihyaman/.config/emacs/lisp/cli/run.el
* 0.078026:*:cli:load: ~/.config/emacs/lisp/cli/run.el nil
* 0.078881:*:cli:load: autoload /home/fatihyaman/.config/emacs/lisp/cli/make.el
* 0.078929:*:cli:load: ~/.config/emacs/lisp/cli/make.el nil
* 0.079075:*:cli:load: ~/.config/emacs/lisp/cli/make/completions nil
* 0.085882:*:cli:load: autoload /home/fatihyaman/.config/emacs/lisp/cli/ci.el
* 0.085926:*:cli:load: ~/.config/emacs/lisp/cli/ci.el nil
* 0.090831:*:cli:load: autoload /home/fatihyaman/.config/emacs/lisp/cli/info.el
* 0.090875:*:cli:load: ~/.config/emacs/lisp/cli/info.el nil
* 0.091540:*:cli:load: autoload /home/fatihyaman/.config/emacs/lisp/cli/doctor.el
* 0.091580:*:cli:load: ~/.config/emacs/lisp/cli/doctor.el nil
* 0.093718:*:cli:load: autoload /home/fatihyaman/.config/emacs/lisp/cli/install.el
* 0.093763:*:cli:load: ~/.config/emacs/lisp/cli/install.el nil
* 0.093917:*:cli:load: ~/.config/emacs/lisp/cli/packages nil
* 0.100420:*:cli:load: autoload /home/fatihyaman/.config/emacs/lisp/cli/env.el
* 0.100470:*:cli:load: ~/.config/emacs/lisp/cli/env.el nil
* 0.101956:*:cli:load: autoload /home/fatihyaman/.config/emacs/lisp/cli/upgrade.el
* 0.101997:*:cli:load: ~/.config/emacs/lisp/cli/upgrade.el nil
* 0.102169:*:cli:load: ~/.config/emacs/lisp/cli/packages nil
* 0.109452:*:cli:load: autoload /home/fatihyaman/.config/emacs/lisp/cli/profiles.el
* 0.109505:*:cli:load: ~/.config/emacs/lisp/cli/profiles.el nil
* 0.113136:*:cli:load: autoload /home/fatihyaman/.config/emacs/lisp/cli/sync.el
* 0.113181:*:cli:load: ~/.config/emacs/lisp/cli/sync.el nil
* 0.113346:*:cli:load: ~/.config/emacs/lisp/cli/packages nil

Available commands:
  help         Show documentation for a Doom CLI command.

  Config Management:
    sync       Synchronize your config with Doom Emacs.
    profiles   Commands for maintaining your Doom Emacs configuration.
    upgrade    Updates Doom and packages.
    env […]    (Re)generates envvars file from your shell environment.
    install    Installs and sets up Doom Emacs for the first time.

  Diagnostics:
    info       Print detailed information about your config for bug reports.
    version    Show installed versions of Doom, Doom modules, and Emacs.

  Development:
    ci […]     Commands that automate development processes.
    make […]   (Re)Generate project files and boilerplate.
    run        Launch Doom Emacs or an Emacs sandbox

See 'doom h[elp]' or 'doom {-?,--help}' for documentation.
* 0.130938:*:cli:Finished (GCs: 1, elapsed: 0.006809s)
* 0.130938:*:cli:Finished (GCs: 1, elapsed: 0.006809s)
